Log file open, 06/25/18 13:55:22
LogWindows: Failed to load 'aqProf.dll' (GetLastError=126)
LogWindows: File 'aqProf.dll' does not exist
LogWindows: Failed to load 'VtuneApi.dll' (GetLastError=126)
LogWindows: File 'VtuneApi.dll' does not exist
LogWindows: Failed to load 'VtuneApi32e.dll' (GetLastError=126)
LogWindows: File 'VtuneApi32e.dll' does not exist
LogInit: Display: Running engine for game: Lawbreakers
LogPlatformFile: Not using cached read wrapper
LogInit: Display: RandInit(298590332) SRandInit(298590332).
LogInit: Read version file with build ID '3944462'
LogInit: Overriding engine version to CL 4033788, compatible CL 3944462
LogInit: Registered custom module enumerator with build ID '3944462'
LogTaskGraph: Started task graph with 5 named threads and 23 total threads with 3 sets of task threads.
LogStats: Stats thread started at 0.278722
LogD3D11RHI: Aftermath initialized
LogICUInternationalization: Display: ICU TimeZone Detection - Raw Offset: -6:00, Platform Override: ''
LogModuleManager: Display: Found up-to-date module file ../../../../../../Users/Connor McGeary/Documents/Unreal Projects/NewStreak/Plugins/AdvancedSessions/AdvancedSteamSessions/Binaries/Win64/UE4Editor-AdvancedSteamSessions.dll (API version 3944462).
LogModuleManager: Display: Found up-to-date module file ../../../../../../Users/Connor McGeary/Documents/Unreal Projects/NewStreak/Plugins/AdvancedSessions/AdvancedSessions/Binaries/Win64/UE4Editor-AdvancedSessions.dll (API version 3944462).
LogModuleManager: Display: Found up-to-date module file ../../../Engine/Plugins/Online/OnlineSubsystem/Binaries/Win64/UE4Editor-OnlineSubsystem.dll (API version 3944462).
LogModuleManager: Display: Found up-to-date module file ../../../Engine/Plugins/Online/OnlineSubsystemUtils/Binaries/Win64/UE4Editor-OnlineSubsystemUtils.dll (API version 3944462).
LogModuleManager: Display: Found up-to-date module file ../../../Engine/Plugins/Online/OnlineSubsystemUtils/Binaries/Win64/UE4Editor-OnlineBlueprintSupport.dll (API version 3944462).
LogModuleManager: Display: Found up-to-date module file ../../../Engine/Plugins/Online/OnlineSubsystemSteam/Binaries/Win64/UE4Editor-OnlineSubsystemSteam.dll (API version 3944462).
LogModuleManager: Display: Found up-to-date module file ../../../Engine/Plugins/2D/Paper2D/Binaries/Win64/UE4Editor-Paper2D.dll (API version 3944462).
LogModuleManager: Display: Found up-to-date module file ../../../Engine/Plugins/2D/Paper2D/Binaries/Win64/UE4Editor-Paper2DEditor.dll (API version 3944462).
LogModuleManager: Display: Found up-to-date module file ../../../Engine/Plugins/2D/Paper2D/Binaries/Win64/UE4Editor-PaperSpriteSheetImporter.dll (API version 3944462).
LogModuleManager: Display: Found up-to-date module file ../../../Engine/Plugins/2D/Paper2D/Binaries/Win64/UE4Editor-PaperTiledImporter.dll (API version 3944462).
LogModuleManager: Display: Found up-to-date module file ../../../Engine/Plugins/2D/Paper2D/Binaries/Win64/UE4Editor-SmartSnapping.dll (API version 3944462).
LogModuleManager: Display: Found up-to-date module file ../../../Engine/Plugins/Blendables/LightPropagationVolume/Binaries/Win64/UE4Editor-LightPropagationVolumeRuntime.dll (API version 3944462).
LogModuleManager: Display: Found up-to-date module file ../../../Engine/Plugins/Blendables/LightPropagationVolume/Binaries/Win64/UE4Editor-LightPropagationVolumeEditor.dll (API version 3944462).
LogModuleManager: Display: Found up-to-date module file ../../../Engine/Plugins/Developer/CLionSourceCodeAccess/Binaries/Win64/UE4Editor-CLionSourceCodeAccess.dll (API version 3944462).
LogModuleManager: Display: Found up-to-date module file ../../../Engine/Plugins/Developer/GitSourceControl/Binaries/Win64/UE4Editor-GitSourceControl.dll (API version 3944462).
LogModuleManager: Display: Found up-to-date module file ../../../Engine/Plugins/Developer/PerforceSourceControl/Binaries/Win64/UE4Editor-PerforceSourceControl.dll (API version 3944462).
LogModuleManager: Display: Found up-to-date module file ../../../Engine/Plugins/Developer/SubversionSourceControl/Binaries/Win64/UE4Editor-SubversionSourceControl.dll (API version 3944462).
LogModuleManager: Display: Found up-to-date module file ../../../Engine/Plugins/Developer/UObjectPlugin/Binaries/Win64/UE4Editor-UObjectPlugin.dll (API version 3944462).
LogModuleManager: Display: Found up-to-date module file ../../../Engine/Plugins/Developer/VisualStudioCodeSourceCodeAccess/Binaries/Win64/UE4Editor-VisualStudioCodeSourceCodeAccess.dll (API version 3944462).
LogModuleManager: Display: Found up-to-date module file ../../../Engine/Plugins/Developer/VisualStudioSourceCodeAccess/Binaries/Win64/UE4Editor-VisualStudioSourceCodeAccess.dll (API version 3944462).
LogModuleManager: Display: Found up-to-date module file ../../../Engine/Plugins/Editor/AssetManagerEditor/Binaries/Win64/UE4Editor-AssetManagerEditor.dll (API version 3944462).
LogModuleManager: Display: Found up-to-date module file ../../../Engine/Plugins/Editor/CryptoKeys/Binaries/Win64/UE4Editor-CryptoKeys.dll (API version 3944462).
LogModuleManager: Display: Found up-to-date module file ../../../Engine/Plugins/Editor/CryptoKeys/Binaries/Win64/UE4Editor-CryptoKeysOpenSSL.dll (API version 3944462).
LogModuleManager: Display: Found up-to-date module file ../../../Engine/Plugins/Editor/DataValidation/Binaries/Win64/UE4Editor-DataValidation.dll (API version 3944462).
LogModuleManager: Display: Found up-to-date module file ../../../Engine/Plugins/Editor/FacialAnimation/Binaries/Win64/UE4Editor-FacialAnimation.dll (API version 3944462).
LogModuleManager: Display: Found up-to-date module file ../../../Engine/Plugins/Editor/FacialAnimation/Binaries/Win64/UE4Editor-FacialAnimationEditor.dll (API version 3944462).
LogModuleManager: Display: Found up-to-date module file ../../../Engine/Plugins/Editor/GameplayTagsEditor/Binaries/Win64/UE4Editor-GameplayTagsEditor.dll (API version 3944462).
LogModuleManager: Display: Found up-to-date module file ../../../Engine/Plugins/Editor/MobileLauncherProfileWizard/Binaries/Win64/UE4Editor-MobileLauncherProfileWizard.dll (API version 3944462).
LogModuleManager: Display: Found up-to-date module file ../../../Engine/Plugins/Editor/PluginBrowser/Binaries/Win64/UE4Editor-PluginBrowser.dll (API version 3944462).
LogModuleManager: Display: Found up-to-date module file ../../../Engine/Plugins/Editor/SpeedTreeImporter/Binaries/Win64/UE4Editor-SpeedTreeImporter.dll (API version 3944462).
LogModuleManager: Display: Found up-to-date module file ../../../Engine/Plugins/Enterprise/DatasmithContent/Binaries/Win64/UE4Editor-DatasmithContent.dll (API version 3944462).
LogModuleManager: Display: Found up-to-date module file ../../../Engine/Plugins/Experimental/AlembicImporter/Binaries/Win64/UE4Editor-AlembicImporter.dll (API version 3944462).
LogModuleManager: Display: Found up-to-date module file ../../../Engine/Plugins/Experimental/AlembicImporter/Binaries/Win64/UE4Editor-AlembicLibrary.dll (API version 3944462).
LogModuleManager: Display: Found up-to-date module file ../../../Engine/Plugins/Experimental/CharacterAI/Binaries/Win64/UE4Editor-CharacterAI.dll (API version 3944462).
LogModuleManager: Display: Found up-to-date module file ../../../Engine/Plugins/Experimental/HTML5Networking/Binaries/Win64/UE4Editor-HTML5Networking.dll (API version 3944462).
LogModuleManager: Display: Found up-to-date module file ../../../Engine/Plugins/Media/AndroidMedia/Binaries/Win64/UE4Editor-AndroidMediaEditor.dll (API version 3944462).
LogModuleManager: Display: Found up-to-date module file ../../../Engine/Plugins/Media/AndroidMedia/Binaries/Win64/UE4Editor-AndroidMediaFactory.dll (API version 3944462).
LogModuleManager: Display: Found up-to-date module file ../../../Engine/Plugins/Media/AvfMedia/Binaries/Win64/UE4Editor-AvfMediaEditor.dll (API version 3944462).
LogModuleManager: Display: Found up-to-date module file ../../../Engine/Plugins/Media/AvfMedia/Binaries/Win64/UE4Editor-AvfMediaFactory.dll (API version 3944462).
LogModuleManager: Display: Found up-to-date module file ../../../Engine/Plugins/Media/AvfMedia/Binaries/Win64/UE4Editor-AvfMediaFactory.dll (API version 3944462).
LogModuleManager: Display: Found up-to-date module file ../../../Engine/Plugins/Media/ImgMedia/Binaries/Win64/UE4Editor-ImgMedia.dll (API version 3944462).
LogModuleManager: Display: Found up-to-date module file ../../../Engine/Plugins/Media/ImgMedia/Binaries/Win64/UE4Editor-ImgMediaEditor.dll (API version 3944462).
LogModuleManager: Display: Found up-to-date module file ../../../Engine/Plugins/Media/ImgMedia/Binaries/Win64/UE4Editor-ImgMediaFactory.dll (API version 3944462).
LogModuleManager: Display: Found up-to-date module file ../../../Engine/Plugins/Media/ImgMedia/Binaries/Win64/UE4Editor-ImgMediaFactory.dll (API version 3944462).
LogModuleManager: Display: Found up-to-date module file ../../../Engine/Plugins/Media/ImgMedia/Binaries/Win64/UE4Editor-OpenExrWrapper.dll (API version 3944462).
LogModuleManager: Display: Found up-to-date module file ../../../Engine/Plugins/Media/LinearTimecode/Binaries/Win64/UE4Editor-LinearTimecode.dll (API version 3944462).
LogModuleManager: Display: Found up-to-date module file ../../../Engine/Plugins/Media/MediaCompositing/Binaries/Win64/UE4Editor-MediaCompositing.dll (API version 3944462).
LogModuleManager: Display: Found up-to-date module file ../../../Engine/Plugins/Media/MediaCompositing/Binaries/Win64/UE4Editor-MediaCompositingEditor.dll (API version 3944462).
LogModuleManager: Display: Found up-to-date module file ../../../Engine/Plugins/Media/MediaPlayerEditor/Binaries/Win64/UE4Editor-MediaPlayerEditor.dll (API version 3944462).
LogModuleManager: Display: Found up-to-date module file ../../../Engine/Plugins/Media/WmfMedia/Binaries/Win64/UE4Editor-WmfMedia.dll (API version 3944462).
LogModuleManager: Display: Found up-to-date module file ../../../Engine/Plugins/Media/WmfMedia/Binaries/Win64/UE4Editor-WmfMediaEditor.dll (API version 3944462).
LogModuleManager: Display: Found up-to-date module file ../../../Engine/Plugins/Media/WmfMedia/Binaries/Win64/UE4Editor-WmfMediaFactory.dll (API version 3944462).
LogModuleManager: Display: Found up-to-date module file ../../../Engine/Plugins/Media/WmfMedia/Binaries/Win64/UE4Editor-WmfMediaFactory.dll (API version 3944462).
LogModuleManager: Display: Found up-to-date module file ../../../Engine/Plugins/Messaging/TcpMessaging/Binaries/Win64/UE4Editor-TcpMessaging.dll (API version 3944462).
LogModuleManager: Display: Found up-to-date module file ../../../Engine/Plugins/Messaging/UdpMessaging/Binaries/Win64/UE4Editor-UdpMessaging.dll (API version 3944462).
LogModuleManager: Display: Found up-to-date module file ../../../Engine/Plugins/MovieScene/ActorSequence/Binaries/Win64/UE4Editor-ActorSequence.dll (API version 3944462).
LogModuleManager: Display: Found up-to-date module file ../../../Engine/Plugins/MovieScene/LevelSequenceEditor/Binaries/Win64/UE4Editor-LevelSequenceEditor.dll (API version 3944462).
LogModuleManager: Display: Found up-to-date module file ../../../Engine/Plugins/MovieScene/MatineeToLevelSequence/Binaries/Win64/UE4Editor-MatineeToLevelSequence.dll (API version 3944462).
LogModuleManager: Display: Found up-to-date module file ../../../Engine/Plugins/NetcodeUnitTest/NetcodeUnitTest/Binaries/Win64/UE4Editor-NetcodeUnitTest.dll (API version 3944462).
LogModuleManager: Display: Found up-to-date module file ../../../Engine/Plugins/NetcodeUnitTest/NUTUnrealEngine4/Binaries/Win64/UE4Editor-NUTUnrealEngine4.dll (API version 3944462).
LogModuleManager: Display: Found up-to-date module file ../../../Engine/Plugins/Runtime/AndroidPermission/Binaries/Win64/UE4Editor-AndroidPermission.dll (API version 3944462).
LogModuleManager: Display: Found up-to-date module file ../../../Engine/Plugins/Online/OnlineSubsystemNull/Binaries/Win64/UE4Editor-OnlineSubsystemNull.dll (API version 3944462).
LogModuleManager: Display: Found up-to-date module file ../../../Engine/Plugins/Runtime/AndroidDeviceProfileSelector/Binaries/Win64/UE4Editor-AndroidDeviceProfileSelector.dll (API version 3944462).
LogModuleManager: Display: Found up-to-date module file ../../../Engine/Plugins/Runtime/AppleARKit/Binaries/Win64/UE4Editor-AppleARKit.dll (API version 3944462).
LogModuleManager: Display: Found up-to-date module file ../../../Engine/Plugins/Runtime/ProceduralMeshComponent/Binaries/Win64/UE4Editor-ProceduralMeshComponent.dll (API version 3944462).
LogModuleManager: Display: Found up-to-date module file ../../../Engine/Plugins/Runtime/ProceduralMeshComponent/Binaries/Win64/UE4Editor-ProceduralMeshComponentEditor.dll (API version 3944462).
LogModuleManager: Display: Found up-to-date module file ../../../Engine/Plugins/Animation/LiveLink/Binaries/Win64/UE4Editor-LiveLink.dll (API version 3944462).
LogModuleManager: Display: Found up-to-date module file ../../../Engine/Plugins/Animation/LiveLink/Binaries/Win64/UE4Editor-LiveLinkEditor.dll (API version 3944462).
LogModuleManager: Display: Found up-to-date module file ../../../Engine/Plugins/Runtime/ArchVisCharacter/Binaries/Win64/UE4Editor-ArchVisCharacter.dll (API version 3944462).
LogModuleManager: Display: Found up-to-date module file ../../../Engine/Plugins/Runtime/AudioCapture/Binaries/Win64/UE4Editor-AudioCapture.dll (API version 3944462).
LogModuleManager: Display: Found up-to-date module file ../../../Engine/Plugins/Runtime/AudioCapture/Binaries/Win64/UE4Editor-AudioCaptureEditor.dll (API version 3944462).
LogModuleManager: Display: Found up-to-date module file ../../../Engine/Plugins/Runtime/CableComponent/Binaries/Win64/UE4Editor-CableComponent.dll (API version 3944462).
LogModuleManager: Display: Found up-to-date module file ../../../Engine/Plugins/Runtime/CustomMeshComponent/Binaries/Win64/UE4Editor-CustomMeshComponent.dll (API version 3944462).
LogModuleManager: Display: Found up-to-date module file ../../../Engine/Plugins/Runtime/ExampleDeviceProfileSelector/Binaries/Win64/UE4Editor-ExampleDeviceProfileSelector.dll (API version 3944462).
LogModuleManager: Display: Found up-to-date module file ../../../Engine/Plugins/Runtime/ImmediatePhysics/Binaries/Win64/UE4Editor-ImmediatePhysics.dll (API version 3944462).
LogModuleManager: Display: Found up-to-date module file ../../../Engine/Plugins/Runtime/ImmediatePhysics/Binaries/Win64/UE4Editor-ImmediatePhysicsEditor.dll (API version 3944462).
LogModuleManager: Display: Found up-to-date module file ../../../Engine/Plugins/Runtime/LocationServicesBPLibrary/Binaries/Win64/UE4Editor-LocationServicesBPLibrary.dll (API version 3944462).
LogModuleManager: Display: Found up-to-date module file ../../../Engine/Plugins/Runtime/MobilePatchingUtils/Binaries/Win64/UE4Editor-MobilePatchingUtils.dll (API version 3944462).
LogModuleManager: Display: Found up-to-date module file ../../../Engine/Plugins/Runtime/Oculus/OculusVR/Binaries/Win64/UE4Editor-OculusHMD.dll (API version 3944462).
LogModuleManager: Display: Found up-to-date module file ../../../Engine/Plugins/Runtime/Oculus/OculusVR/Binaries/Win64/UE4Editor-OculusInput.dll (API version 3944462).
LogModuleManager: Display: Found up-to-date module file ../../../Engine/Plugins/Runtime/Oculus/OculusVR/Binaries/Win64/UE4Editor-OculusEditor.dll (API version 3944462).
LogModuleManager: Display: Found up-to-date module file ../../../Engine/Plugins/Runtime/PhysXVehicles/Binaries/Win64/UE4Editor-PhysXVehicles.dll (API version 3944462).
LogModuleManager: Display: Found up-to-date module file ../../../Engine/Plugins/Runtime/PhysXVehicles/Binaries/Win64/UE4Editor-PhysXVehiclesEditor.dll (API version 3944462).
LogModuleManager: Display: Found up-to-date module file ../../../Engine/Plugins/Runtime/RuntimePhysXCooking/Binaries/Win64/UE4Editor-RuntimePhysXCooking.dll (API version 3944462).
LogModuleManager: Display: Found up-to-date module file ../../../Engine/Plugins/Runtime/Steam/SteamVR/Binaries/Win64/UE4Editor-SteamVR.dll (API version 3944462).
LogModuleManager: Display: Found up-to-date module file ../../../Engine/Plugins/Runtime/Steam/SteamVR/Binaries/Win64/UE4Editor-SteamVRController.dll (API version 3944462).
LogModuleManager: Display: Found up-to-date module file ../../../Engine/Plugins/Runtime/WindowsMoviePlayer/Binaries/Win64/UE4Editor-WindowsMoviePlayer.dll (API version 3944462).
LogPluginManager: Mounting plugin Paper2D
LogPluginManager: Mounting plugin LiveLink
LogPluginManager: Mounting plugin LightPropagationVolume
LogPluginManager: Mounting plugin CLionSourceCodeAccess
LogPluginManager: Mounting plugin CodeLiteSourceCodeAccess
LogPluginManager: Mounting plugin GitSourceControl
LogPluginManager: Mounting plugin KDevelopSourceCodeAccess
LogPluginManager: Mounting plugin NullSourceCodeAccess
LogPluginManager: Mounting plugin PerforceSourceControl
LogPluginManager: Mounting plugin SubversionSourceControl
LogPluginManager: Mounting plugin UObjectPlugin
LogPluginManager: Mounting plugin VisualStudioCodeSourceCodeAccess
LogPluginManager: Mounting plugin VisualStudioSourceCodeAccess
LogPluginManager: Mounting plugin XCodeSourceCodeAccess
LogPluginManager: Mounting plugin AssetManagerEditor
LogPluginManager: Mounting plugin CryptoKeys
LogPluginManager: Mounting plugin DataValidation
LogPluginManager: Mounting plugin FacialAnimation
LogPluginManager: Mounting plugin GameplayTagsEditor
LogPluginManager: Mounting plugin MobileLauncherProfileWizard
LogPluginManager: Mounting plugin PluginBrowser
LogPluginManager: Mounting plugin SpeedTreeImporter
LogPluginManager: Mounting plugin DatasmithContent
LogPluginManager: Mounting plugin AlembicImporter
LogPluginManager: Mounting plugin CharacterAI
LogPluginManager: Mounting plugin HTML5Networking
LogPluginManager: Mounting plugin AndroidMedia
LogPluginManager: Mounting plugin AvfMedia
LogPluginManager: Mounting plugin ImgMedia
LogPluginManager: Mounting plugin LinearTimecode
LogPluginManager: Mounting plugin MediaCompositing
LogPluginManager: Mounting plugin MediaPlayerEditor
LogPluginManager: Mounting plugin WmfMedia
LogPluginManager: Mounting plugin TcpMessaging
LogPluginManager: Mounting plugin UdpMessaging
LogPluginManager: Mounting plugin ActorSequence
LogPluginManager: Mounting plugin LevelSequenceEditor
LogPluginManager: Mounting plugin MatineeToLevelSequence
LogPluginManager: Mounting plugin NetcodeUnitTest
LogPluginManager: Mounting plugin NUTUnrealEngine4
LogPluginManager: Mounting plugin OnlineSubsystemGooglePlay
LogPluginManager: Mounting plugin OnlineSubsystemIOS
LogPluginManager: Mounting plugin OnlineSubsystem
LogPluginManager: Mounting plugin OnlineSubsystemNull
LogPluginManager: Mounting plugin OnlineSubsystemSteam
LogPluginManager: Mounting plugin OnlineSubsystemUtils
LogPluginManager: Mounting plugin AndroidDeviceProfileSelector
LogPluginManager: Mounting plugin AndroidMoviePlayer
LogPluginManager: Mounting plugin AndroidPermission
LogPluginManager: Mounting plugin AppleARKit
LogPluginManager: Mounting plugin AppleMoviePlayer
LogPluginManager: Mounting plugin ArchVisCharacter
LogPluginManager: Mounting plugin AudioCapture
LogPluginManager: Mounting plugin CableComponent
LogPluginManager: Mounting plugin CustomMeshComponent
LogPluginManager: Mounting plugin ExampleDeviceProfileSelector
LogPluginManager: Mounting plugin GoogleCloudMessaging
LogPluginManager: Mounting plugin ImmediatePhysics
LogPluginManager: Mounting plugin IOSDeviceProfileSelector
LogPluginManager: Mounting plugin LinuxDeviceProfileSelector
LogPluginManager: Mounting plugin LocationServicesBPLibrary
LogPluginManager: Mounting plugin MobilePatchingUtils
LogPluginManager: Mounting plugin OculusVR
LogPluginManager: Plugin shader directory ../../../Engine/Plugins/Runtime/Oculus/OculusVR/Shaders found
LogPluginManager: Mapping shader source directory ../../../Engine/Plugins/Runtime/Oculus/OculusVR/Shaders to virtual directory /Plugin/OculusVR
LogPluginManager: Mounting plugin PhysXVehicles
LogPluginManager: Mounting plugin ProceduralMeshComponent
LogPluginManager: Mounting plugin RuntimePhysXCooking
LogPluginManager: Mounting plugin SteamVR
LogPluginManager: Mounting plugin WindowsMoviePlayer
LogPluginManager: Mounting plugin AdvancedSessions
LogPluginManager: Mounting plugin AdvancedSteamSessions
LogStreaming: Display: Took  1.759s to configure plugins.
LogInit: Using libcurl 7.47.1
LogInit:  - built for x86_64-pc-win32
LogInit:  - supports SSL with OpenSSL/1.0.2g
LogInit:  - supports HTTP deflate (compression) using libz 1.2.8
LogInit:  - other features:
LogInit:      CURL_VERSION_SSL
LogInit:      CURL_VERSION_LIBZ
LogInit:      CURL_VERSION_IPV6
LogInit:      CURL_VERSION_ASYNCHDNS
LogInit:      CURL_VERSION_LARGEFILE
LogInit:      CURL_VERSION_IDN
LogInit:  CurlRequestOptions (configurable via config and command line):
LogInit:  - bVerifyPeer = false  - Libcurl will NOT verify peer certificate
LogInit:  - bUseHttpProxy = false  - Libcurl will NOT use HTTP proxy
LogInit:  - bDontReuseConnections = false  - Libcurl will reuse connections
LogInit:  - CertBundlePath = nullptr  - Libcurl will use whatever was configured at build time.
LogInit:  - MaxHostConnections = 16  - Libcurl will limit the number of connections to a host
LogInit:  - LocalHostAddr = Default
LogOnline: Display: STEAM: Loading Steam SDK 1.39
LogOnline: Warning: STEAM: Steamworks: SteamUtils() failed!
LogOnline: Warning: STEAM: Steamworks: SteamUser() failed!
LogOnline: Warning: STEAM: Steamworks: SteamFriends() failed!
LogOnline: Warning: STEAM: Steamworks: SteamRemoteStorage() failed!
LogOnline: Warning: STEAM: Steamworks: SteamUserStats() failed!
LogOnline: Warning: STEAM: Steamworks: SteamMatchmakingServers() failed!
LogOnline: Warning: STEAM: Steamworks: SteamApps() failed!
LogOnline: Warning: STEAM: Steamworks: SteamNetworking() failed!
LogOnline: Warning: STEAM: Steamworks: SteamMatchmaking() failed!
LogOnline: Display: STEAM: OnlineSubsystemSteam::Shutdown()
LogOnline: Warning: STEAM: Steam API failed to initialize!
LogOnline: Display: STEAM: OnlineSubsystemSteam::Shutdown()
LogInit: WinSock: version 1.1 (2.2), MaxSocks=32767, MaxUdp=65467
LogInit: WinSock: I am DESKTOP-MSL61SU (10.0.0.140:0)
LogInit: Build: ++UE4+Release-4.19-CL-4033788
LogInit: Engine Version: 4.19.2-4033788+++UE4+Release-4.19
LogInit: Compatible Engine Version: 4.19.0-3944462+++UE4+Release-4.19
LogInit: Net CL: 3944462
LogDevObjectVersion: Number of dev versions registered: 18
LogDevObjectVersion:   Dev-Blueprints (B0D832E4-1F89-4F0D-ACCF-7EB736FD4AA2): 10
LogDevObjectVersion:   Dev-Build (E1C64328-A22C-4D53-A36C-8E866417BD8C): 0
LogDevObjectVersion:   Dev-Core (375EC13C-06E4-48FB-B500-84F0262A717E): 2
LogDevObjectVersion:   Dev-Editor (E4B068ED-F494-42E9-A231-DA0B2E46BB41): 23
LogDevObjectVersion:   Dev-Framework (CFFC743F-43B0-4480-9391-14DF171D2073): 33
LogDevObjectVersion:   Dev-Mobile (B02B49B5-BB20-44E9-A304-32B752E40360): 2
LogDevObjectVersion:   Dev-Networking (A4E4105C-59A1-49B5-A7C5-40C4547EDFEE): 0
LogDevObjectVersion:   Dev-Online (39C831C9-5AE6-47DC-9A44-9C173E1C8E7C): 0
LogDevObjectVersion:   Dev-Physics (78F01B33-EBEA-4F98-B9B4-84EACCB95AA2): 0
LogDevObjectVersion:   Dev-Platform (6631380F-2D4D-43E0-8009-CF276956A95A): 0
LogDevObjectVersion:   Dev-Rendering (12F88B9F-8875-4AFC-A67C-D90C383ABD29): 25
LogDevObjectVersion:   Dev-Sequencer (7B5AE74C-D270-4C10-A958-57980B212A5A): 6
LogDevObjectVersion:   Dev-VR (D7296918-1DD6-4BDD-9DE2-64A83CC13884): 1
LogDevObjectVersion:   Dev-LoadTimes (C2A15278-BFE7-4AFE-6C17-90FF531DF755): 1
LogDevObjectVersion:   Private-Geometry (6EACA3D4-40EC-4CC1-B786-8BED09428FC5): 2
LogDevObjectVersion:   Dev-AnimPhys (29E575DD-E0A3-4627-9D10-D276232CDCEA): 16
LogDevObjectVersion:   Dev-ReflectionCapture (6B266CEC-1EC7-4B8F-A30B-E4D90942FC07): 1
LogDevObjectVersion:   Dev-Automation (0DF73D61-A23F-47EA-B727-89E90C41499A): 1
LogInit: Compiled (64-bit): Apr 27 2018 02:06:57
LogInit: Compiled with Visual C++: 19.00.24215.01
LogInit: Build Configuration: Development
LogInit: Branch Name: ++UE4+Release-4.19
LogInit: Command Line:  -game
LogInit: Base Directory: C:/Program Files/Epic Games/UE_4.19/Engine/Binaries/Win64/
LogInit: Installed Engine Build: 1
LogStreaming: Display: Took  0.000s to delete old logs.
LogInit: Presizing for max 8388607 objects, including 0 objects not considered by GC, pre-allocating 0 bytes for permanent pool.
LogInit: Object subsystem initialized
[2018.06.25-18.55.24:182][  0]LogInit: Selected Device Profile: [Windows]
[2018.06.25-18.55.24:182][  0]LogInit: Applying CVar settings loaded from the selected device profile: [Windows]
[2018.06.25-18.55.24:197][  0]LogInit: Computer: DESKTOP-MSL61SU
[2018.06.25-18.55.24:197][  0]LogInit: User: ConnorMcGeary
[2018.06.25-18.55.24:197][  0]LogInit: CPU Page size=4096, Cores=4
[2018.06.25-18.55.24:197][  0]LogInit: High frequency timer resolution =3.914062 MHz
[2018.06.25-18.55.24:197][  0]LogMemory: Memory total: Physical=16.0GB (16GB approx)
[2018.06.25-18.55.24:197][  0]LogMemory: Platform Memory Stats for Windows
[2018.06.25-18.55.24:197][  0]LogMemory: Process Physical Memory: 274.75 MB used, 274.75 MB peak
[2018.06.25-18.55.24:197][  0]LogMemory: Process Virtual Memory: 264.73 MB used, 264.73 MB peak
[2018.06.25-18.55.24:198][  0]LogMemory: Physical Memory: 5721.43 MB used,  10614.82 MB free, 16336.25 MB total
[2018.06.25-18.55.24:198][  0]LogMemory: Virtual Memory: 4791.16 MB used,  10614.82 MB free, 134217728.00 MB total
[2018.06.25-18.55.24:361][  0]LogInit: Using OS detected language (en-US).
[2018.06.25-18.55.24:361][  0]LogInit: Using OS detected locale (en-US).
[2018.06.25-18.55.24:362][  0]LogTextLocalizationManager: No localization for 'en-US' exists, so 'en' will be used for the language.
[2018.06.25-18.55.24:362][  0]LogTextLocalizationManager: No localization for 'en-US' exists, so 'en' will be used for the locale.
[2018.06.25-18.55.24:740][  0]LogStreaming: Display: Took  0.379s to EndInitTextLocalization.
[2018.06.25-18.55.24:804][  0]LogSlate: New Slate User Created.  User Index 0, Is Virtual User: 0
[2018.06.25-18.55.24:804][  0]LogSlate: Slate User Registered.  User Index 0, Is Virtual User: 0
[2018.06.25-18.55.24:807][  0]LogD3D11RHI: D3D11 adapters:
[2018.06.25-18.55.24:843][  0]LogD3D11RHI:    0. 'NVIDIA GeForce GTX 970' (Feature Level 11_0)
[2018.06.25-18.55.24:843][  0]LogD3D11RHI:       4058/0/8168 MB DedicatedVideo/DedicatedSystem/SharedSystem, Outputs:1, VendorId:0x10de
[2018.06.25-18.55.24:844][  0]LogD3D11RHI:    1. 'Microsoft Basic Render Driver' (Feature Level 11_0)
[2018.06.25-18.55.24:844][  0]LogD3D11RHI:       0/0/8168 MB DedicatedVideo/DedicatedSystem/SharedSystem, Outputs:0, VendorId:0x1414
[2018.06.25-18.55.24:844][  0]LogD3D11RHI: Chosen D3D11 Adapter: 0
[2018.06.25-18.55.24:848][  0]LogD3D11RHI: Creating new Direct3DDevice
[2018.06.25-18.55.24:848][  0]LogD3D11RHI:     GPU DeviceId: 0x13c2 (for the marketing name, search the web for "GPU Device Id")
[2018.06.25-18.55.24:848][  0]LogWindows: EnumDisplayDevices:
[2018.06.25-18.55.24:849][  0]LogWindows:    0. 'NVIDIA GeForce GTX 970' (P:1 D:1)
[2018.06.25-18.55.24:849][  0]LogWindows:    1. 'NVIDIA GeForce GTX 970' (P:0 D:0)
[2018.06.25-18.55.24:849][  0]LogWindows:    2. 'NVIDIA GeForce GTX 970' (P:0 D:0)
[2018.06.25-18.55.24:849][  0]LogWindows:    3. 'NVIDIA GeForce GTX 970' (P:0 D:0)
[2018.06.25-18.55.24:849][  0]LogWindows: DebugString: GetVideoDriverDetailsInvalid PrimaryIsNotTheChoosenAdapter GetVideoDriverDetailsInvalid PrimaryIsNotTheChoosenAdapter GetVideoDriverDetailsInvalid PrimaryIsNotTheChoosenAdapter GetVideoDriverDetailsInvalid PrimaryIsNotTheChoosenAdapter FoundDriverCount:0 
[2018.06.25-18.55.24:849][  0]LogD3D11RHI:     Adapter Name: NVIDIA GeForce GTX 970
[2018.06.25-18.55.24:849][  0]LogD3D11RHI:   Driver Version: Unknown (internal:Unknown, unified:Unknown)
[2018.06.25-18.55.24:849][  0]LogD3D11RHI:      Driver Date: Unknown
[2018.06.25-18.55.24:849][  0]LogRHI: Texture pool is 2840 MB (70% of 4058 MB)
[2018.06.25-18.55.24:871][  0]LogD3D11RHI: [Aftermath] Aftermath enabled but failed to initialize
[2018.06.25-18.55.24:871][  0]LogD3D11RHI: [Aftermath] Aftermath enabled and primed
[2018.06.25-18.55.24:872][  0]LogD3D11RHI: Async texture creation enabled
[2018.06.25-18.55.24:915][  0]LogD3D11RHI: GPU Timing Frequency: 1000.000000 (Debug: 2 1)
[2018.06.25-18.55.24:958][  0]LogShaderCompilers: Guid format shader working directory is -19 characters bigger than the processId version (../../../../../../Users/Connor McGeary/Documents/Unreal Projects/NewStreak/Intermediate/Shaders/WorkingDirectory/9476/).
[2018.06.25-18.55.24:958][  0]LogShaderCompilers: Cleaned the shader compiler working directory 'C:/Users/Connor McGeary/AppData/Local/Temp/UnrealShaderWorkingDir/DA9F3BA2412BEF07D99EE9ACEA6A23DE/'.
[2018.06.25-18.55.25:290][  0]LogTemp: Display: Loaded TP WindowsClientTargetPlatform
[2018.06.25-18.55.25:300][  0]LogTemp: Display: Loaded TP WindowsNoEditorTargetPlatform
[2018.06.25-18.55.25:310][  0]LogTemp: Display: Loaded TP WindowsServerTargetPlatform
[2018.06.25-18.55.25:321][  0]LogTemp: Display: Loaded TP WindowsTargetPlatform
[2018.06.25-18.55.25:321][  0]LogTargetPlatformManager: Display: Building Assets For Windows
[2018.06.25-18.55.25:606][  0]LogXGEController: Cleaning working directory: C:/Users/Connor McGeary/AppData/Local/Temp/UnrealXGEWorkingDir/
[2018.06.25-18.55.25:606][  0]LogXGEController: Cannot use XGE Controller as Incredibuild is not installed on this machine.
[2018.06.25-18.55.25:606][  0]LogShaderCompilers: Cannot use XGE Shader Compiler as Incredibuild is not installed on this machine.
[2018.06.25-18.55.25:606][  0]LogShaderCompilers: Display: Using Local Shader Compiler.
[2018.06.25-18.55.26:895][  0]LogDerivedDataCache: Display: Max Cache Size: 512 MB
[2018.06.25-18.55.27:116][  0]LogDerivedDataCache: Loaded boot cache 0.22s 74MB C:/Users/Connor McGeary/AppData/Local/UnrealEngine/4.19/DerivedDataCache/Boot.ddc.
[2018.06.25-18.55.27:117][  0]LogDerivedDataCache: Display: Loaded Boot cache: C:/Users/Connor McGeary/AppData/Local/UnrealEngine/4.19/DerivedDataCache/Boot.ddc
[2018.06.25-18.55.27:117][  0]LogDerivedDataCache: FDerivedDataBackendGraph:  Pak pak cache file ../../../../../../Users/Connor McGeary/Documents/Unreal Projects/NewStreak/DerivedDataCache/DDC.ddp not found, will not use a pak cache.
[2018.06.25-18.55.27:117][  0]LogDerivedDataCache: Unable to find inner node Pak for hierarchical cache Hierarchy.
[2018.06.25-18.55.27:117][  0]LogDerivedDataCache: FDerivedDataBackendGraph:  CompressedPak pak cache file ../../../../../../Users/Connor McGeary/Documents/Unreal Projects/NewStreak/DerivedDataCache/Compressed.ddp not found, will not use a pak cache.
[2018.06.25-18.55.27:117][  0]LogDerivedDataCache: Unable to find inner node CompressedPak for hierarchical cache Hierarchy.
[2018.06.25-18.55.27:135][  0]LogDerivedDataCache: Display: Pak cache opened for reading ../../../Engine/DerivedDataCache/Compressed.ddp.
[2018.06.25-18.55.27:147][  0]LogDerivedDataCache: Using Local data cache path C:/Users/Connor McGeary/AppData/Local/UnrealEngine/Common/DerivedDataCache: Writable
[2018.06.25-18.55.27:147][  0]LogDerivedDataCache: Shared data cache path not found in *engine.ini, will not use an Shared cache.
[2018.06.25-18.55.27:147][  0]LogDerivedDataCache: Unable to find inner node Shared for hierarchical cache Hierarchy.
[2018.06.25-18.55.27:155][  0]LogMaterial: Verifying Global Shaders for PCD3D_SM5
[2018.06.25-18.55.27:156][  0]LogSlate: Using Freetype 2.6.0
[2018.06.25-18.55.27:168][  0]LogSlate: SlateFontCache - WITH_FREETYPE: 1, WITH_HARFBUZZ: 1
[2018.06.25-18.55.27:168][  0]LogSlate: SlateFontCache - WITH_FREETYPE: 1, WITH_HARFBUZZ: 1
[2018.06.25-18.55.29:191][  0]LogAssetRegistry: FAssetRegistry took 0.0033 seconds to start up
[2018.06.25-18.55.29:357][  0]LogPackageLocalizationCache: Processed 9 localized package path(s) for 1 prioritized culture(s) in 0.025178 seconds
[2018.06.25-18.55.29:433][  0]LogInit: Selected Device Profile: [Windows]
[2018.06.25-18.55.29:653][  0]LogSimplygon: Simplygon DLL not present - disabling.
[2018.06.25-18.55.29:657][  0]LogMeshReduction: Using SimplygonSwarm for distributed automatic mesh merging
[2018.06.25-18.55.29:657][  0]LogMeshReduction: Using QuadricMeshReduction for automatic static mesh reduction
[2018.06.25-18.55.29:658][  0]LogMeshReduction: No automatic skeletal mesh reduction module available
[2018.06.25-18.55.29:658][  0]LogMeshReduction: No automatic mesh merging module available
[2018.06.25-18.55.29:658][  0]LogMeshMerging: No automatic mesh merging module available
[2018.06.25-18.55.29:697][  0]LogNetVersion: Lawbreakers , NetCL: 3944462, EngineNetVer: 2, GameNetVer: 0 (Checksum: 254169116)
[2018.06.25-18.55.30:954][  0]LogMoviePlayer: Initializing movie player
[2018.06.25-18.55.31:440][  0]SourceControl: Source control is disabled
[2018.06.25-18.55.31:440][  0]SourceControl: Source control is disabled
[2018.06.25-18.55.31:456][  0]SourceControl: Source control is disabled
[2018.06.25-18.55.31:754][  0]LogAndroidPermission: UAndroidPermissionCallbackProxy::GetInstance
[2018.06.25-18.55.31:905][  0]LogOcInput: OculusInput pre-init called
[2018.06.25-18.55.31:939][  0]LogUObjectArray: 40777 objects as part of root set at end of initial load.
[2018.06.25-18.55.31:939][  0]LogUObjectAllocator: 8689928 out of 0 bytes used by permanent object pool.
[2018.06.25-18.55.31:939][  0]LogUObjectArray: CloseDisregardForGC: 0/0 objects in disregard for GC pool
[2018.06.25-18.55.32:009][  0]LogEngine: Initializing Engine...
[2018.06.25-18.55.32:011][  0]LogHMD: Failed to initialize OpenVR with code 110
[2018.06.25-18.55.32:023][  0]LogStats: UGameplayTagsManager::ConstructGameplayTagTree: Construct from data asset -  0.000 s
[2018.06.25-18.55.32:023][  0]LogStats: UGameplayTagsManager::ConstructGameplayTagTree: GameplayTagTreeChangedEvent.Broadcast -  0.000 s
[2018.06.25-18.55.32:297][  0]LogInit: XAudio2 using 'Main Output (Komplete Audio 6 WDM Audio)' : 2 channels at 48 kHz using 32 bits per sample (channel mask 0x3)
[2018.06.25-18.55.32:304][  0]LogInit: FAudioDevice initialized.
[2018.06.25-18.55.32:390][  0]LogDerivedDataCache: Saved boot cache 0.07s 74MB C:/Users/Connor McGeary/AppData/Local/UnrealEngine/4.19/DerivedDataCache/Boot.ddc.
[2018.06.25-18.55.32:402][  0]LogInit: Texture streaming: Enabled
[2018.06.25-18.55.32:616][  0]LogUObjectGlobals: Created PersistentFrame Addr=0x000002616adf6200, Size=24, Default__BP_GameInstance_C Function /Game/NewStreak/Blueprints/BP_GameInstance.BP_GameInstance_C:ExecuteUbergraph_BP_GameInstance
[2018.06.25-18.55.32:622][  0]LogUObjectGlobals: Created PersistentFrame Addr=0x000002610aa2c2e8, Size=40, Default__BPW_MainMenu_C Function /Game/NewStreak/Blueprints/Widgets/BPW_MainMenu.BPW_MainMenu_C:ExecuteUbergraph_BPW_MainMenu
[2018.06.25-18.55.32:626][  0]LogUObjectGlobals: Created PersistentFrame Addr=0x000002610a8e1660, Size=96, Default__BPW_HostMenu_C Function /Game/NewStreak/Blueprints/Widgets/BPW_HostMenu.BPW_HostMenu_C:ExecuteUbergraph_BPW_HostMenu
[2018.06.25-18.55.32:634][  0]LogUObjectGlobals: Created PersistentFrame Addr=0x000002610c53eb00, Size=384, Default__BPW_JoinMenu_C Function /Game/NewStreak/Blueprints/Widgets/BPW_JoinMenu.BPW_JoinMenu_C:ExecuteUbergraph_BPW_JoinMenu
[2018.06.25-18.55.32:640][  0]LogUObjectGlobals: Created PersistentFrame Addr=0x000002610c59a550, Size=112, Default__BPM_ServerButtonMenu_C Function /Game/NewStreak/Blueprints/Widgets/BPM_ServerButtonMenu.BPM_ServerButtonMenu_C:ExecuteUbergraph_BPM_ServerButtonMenu
[2018.06.25-18.55.32:666][  0]LogUObjectGlobals: Destroyed PersistentFrame Addr=0x000002616adf6200, Size=24
[2018.06.25-18.55.32:666][  0]LogUObjectGlobals: Created PersistentFrame Addr=0x000002616adf6200, Size=24, Default__BP_GameInstance_C Function /Engine/Transient.REINST_BP_GameInstance_C_2:ExecuteUbergraph_BP_GameInstance
[2018.06.25-18.55.32:666][  0]LogUObjectGlobals: Destroyed PersistentFrame Addr=0x000002610c59a550, Size=112
[2018.06.25-18.55.32:666][  0]LogUObjectGlobals: Created PersistentFrame Addr=0x000002610c59a550, Size=112, Default__BPM_ServerButtonMenu_C Function /Engine/Transient.REINST_BPM_ServerButtonMenu_C_0:ExecuteUbergraph_BPM_ServerButtonMenu
[2018.06.25-18.55.32:666][  0]LogUObjectGlobals: Destroyed PersistentFrame Addr=0x000002610a8e1660, Size=96
[2018.06.25-18.55.32:666][  0]LogUObjectGlobals: Created PersistentFrame Addr=0x000002610a8e1660, Size=96, Default__BPW_HostMenu_C Function /Engine/Transient.REINST_BPW_HostMenu_C_1:ExecuteUbergraph_BPW_HostMenu
[2018.06.25-18.55.32:666][  0]LogUObjectGlobals: Destroyed PersistentFrame Addr=0x000002610c53eb00, Size=384
[2018.06.25-18.55.32:666][  0]LogUObjectGlobals: Created PersistentFrame Addr=0x000002610c432680, Size=384, Default__BPW_JoinMenu_C Function /Engine/Transient.REINST_BPW_JoinMenu_C_2:ExecuteUbergraph_BPW_JoinMenu
[2018.06.25-18.55.32:666][  0]LogUObjectGlobals: Destroyed PersistentFrame Addr=0x000002610aa2c2e8, Size=40
[2018.06.25-18.55.32:666][  0]LogUObjectGlobals: Created PersistentFrame Addr=0x000002610c543290, Size=40, Default__BPW_MainMenu_C Function /Engine/Transient.REINST_BPW_MainMenu_C_3:ExecuteUbergraph_BPW_MainMenu
[2018.06.25-18.55.32:674][  0]LogUObjectGlobals: Created PersistentFrame Addr=0x000002616adf4d78, Size=24, Default__BP_GameInstance_C Function /Game/NewStreak/Blueprints/BP_GameInstance.BP_GameInstance_C:ExecuteUbergraph_BP_GameInstance
[2018.06.25-18.55.32:675][  0]LogUObjectGlobals: Created PersistentFrame Addr=0x000002610c3a1590, Size=112, Default__BPM_ServerButtonMenu_C Function /Game/NewStreak/Blueprints/Widgets/BPM_ServerButtonMenu.BPM_ServerButtonMenu_C:ExecuteUbergraph_BPM_ServerButtonMenu
[2018.06.25-18.55.32:675][  0]LogUObjectGlobals: Created PersistentFrame Addr=0x000002610c415a20, Size=96, Default__BPW_HostMenu_C Function /Game/NewStreak/Blueprints/Widgets/BPW_HostMenu.BPW_HostMenu_C:ExecuteUbergraph_BPW_HostMenu
[2018.06.25-18.55.32:676][  0]LogUObjectGlobals: Created PersistentFrame Addr=0x000002610c38b700, Size=384, Default__BPW_JoinMenu_C Function /Game/NewStreak/Blueprints/Widgets/BPW_JoinMenu.BPW_JoinMenu_C:ExecuteUbergraph_BPW_JoinMenu
[2018.06.25-18.55.32:677][  0]LogUObjectGlobals: Created PersistentFrame Addr=0x000002610c543fb0, Size=40, Default__BPW_MainMenu_C Function /Game/NewStreak/Blueprints/Widgets/BPW_MainMenu.BPW_MainMenu_C:ExecuteUbergraph_BPW_MainMenu
[2018.06.25-18.55.32:685][  0]LogInit: Display: Game Engine Initialized.
[2018.06.25-18.55.32:685][  0]LogGameplayTags: Display: UGameplayTagsManager::DoneAddingNativeTags. DelegateIsBound: 0
[2018.06.25-18.55.32:685][  0]LogStats: UGameplayTagsManager::ConstructGameplayTagTree: Construct from data asset -  0.000 s
[2018.06.25-18.55.32:685][  0]LogStats: UGameplayTagsManager::ConstructGameplayTagTree: GameplayTagTreeChangedEvent.Broadcast -  0.000 s
[2018.06.25-18.55.32:768][  0]LogInit: Display: Starting Game.
[2018.06.25-18.55.32:768][  0]LogNet: Browse: /Game/NewStreak/Maps/Menu?Name=Player
[2018.06.25-18.55.32:769][  0]LogLoad: LoadMap: /Game/NewStreak/Maps/Menu?Name=Player
[2018.06.25-18.55.32:778][  0]LogUObjectGlobals: Destroyed PersistentFrame Addr=0x000002616adf6200, Size=24
[2018.06.25-18.55.32:778][  0]LogUObjectGlobals: Destroyed PersistentFrame Addr=0x000002610c543290, Size=40
[2018.06.25-18.55.32:778][  0]LogUObjectGlobals: Destroyed PersistentFrame Addr=0x000002610a8e1660, Size=96
[2018.06.25-18.55.32:778][  0]LogUObjectGlobals: Destroyed PersistentFrame Addr=0x000002610c432680, Size=384
[2018.06.25-18.55.32:778][  0]LogUObjectGlobals: Destroyed PersistentFrame Addr=0x000002610c59a550, Size=112
[2018.06.25-18.55.32:791][  0]LogUObjectGlobals: Created PersistentFrame Addr=0x000002610c4f4ba0, Size=32, Default__Menu_C Function /Game/NewStreak/Maps/Menu.Menu_C:ExecuteUbergraph_Menu
[2018.06.25-18.55.32:859][  0]LogUObjectGlobals: Destroyed PersistentFrame Addr=0x000002610c4f4ba0, Size=32
[2018.06.25-18.55.32:859][  0]LogUObjectGlobals: Created PersistentFrame Addr=0x000002610c0afc60, Size=32, Default__Menu_C Function /Engine/Transient.REINST_Menu_C_11:ExecuteUbergraph_Menu
[2018.06.25-18.55.32:860][  0]LogUObjectGlobals: Created PersistentFrame Addr=0x000002610c0af7e0, Size=32, Default__Menu_C Function /Game/NewStreak/Maps/Menu.Menu_C:ExecuteUbergraph_Menu
[2018.06.25-18.55.32:893][  0]LogTexture: Display: Building textures: HQ_Lightmap0_1 (AutoDXT, 256X256)
[2018.06.25-18.55.32:904][  0]LogTexture: Display: Building textures: HQ_Lightmap0_2 (AutoDXT, 64X64)
[2018.06.25-18.55.32:908][  0]LogTexture: Display: Building textures: LQ_Lightmap_0_1 (DXT1, 256X256)
[2018.06.25-18.55.32:910][  0]LogTexture: Display: Building textures: LQ_Lightmap_0_2 (DXT1, 64X64)
[2018.06.25-18.55.32:917][  0]LogTexture: Display: Building textures: ShadowMapTexture2D_0 (G8, 128X128)
[2018.06.25-18.55.32:918][  0]LogTexture: Display: Building textures: ShadowMapTexture2D_1 (G8, 32X32)
[2018.06.25-18.55.32:929][  0]LogAIModule: Creating AISystem for world Menu
[2018.06.25-18.55.32:942][  0]LogUObjectGlobals: Created PersistentFrame Addr=0x000002610fb7d800, Size=624, Default__BP_FPSBaseCharacter_C Function /Game/NewStreak/Core/BP_FPSBaseCharacter.BP_FPSBaseCharacter_C:ExecuteUbergraph_BP_FPSBaseCharacter
[2018.06.25-18.55.32:949][  0]LogUObjectGlobals: Created PersistentFrame Addr=0x000002610c542c78, Size=40, Default__BP_FiringWeaponBase_C Function /Game/NewStreak/Core/Weapons/BP_FiringWeaponBase.BP_FiringWeaponBase_C:ExecuteUbergraph_BP_FiringWeaponBase
[2018.06.25-18.55.32:975][  0]LogUObjectGlobals: Created PersistentFrame Addr=0x000002610fdcfa10, Size=72, Default__FirstPerson_AnimBP_C Function /Game/NewStreak/3rdPartyLibrariesImports/FirstPerson/Animations/FirstPerson_AnimBP.FirstPerson_AnimBP_C:ExecuteUbergraph_FirstPerson_AnimBP
[2018.06.25-18.55.33:028][  0]LogUObjectGlobals: Created PersistentFrame Addr=0x000002610fd4e9d0, Size=72, Default__ThirdPerson_AnimBP_C Function /Game/NewStreak/3rdPartyLibrariesImports/3rdPersonTemplate/Mannequin/Animations/ThirdPerson_AnimBP.ThirdPerson_AnimBP_C:ExecuteUbergraph_ThirdPerson_AnimBP
[2018.06.25-18.55.33:085][  0]LogUObjectGlobals: Created PersistentFrame Addr=0x000002610c36a7f0, Size=112, Default__BP_HitscanWeapon_C Function /Game/NewStreak/Core/Weapons/BP_HitscanWeapon.BP_HitscanWeapon_C:ExecuteUbergraph_BP_HitscanWeapon
[2018.06.25-18.55.33:085][  0]LogUObjectGlobals: Created PersistentFrame Addr=0x000002610c542840, Size=40, Default__BP_HitscanWeapon_C Function /Game/NewStreak/Core/Weapons/BP_FiringWeaponBase.BP_FiringWeaponBase_C:ExecuteUbergraph_BP_FiringWeaponBase
[2018.06.25-18.55.33:095][  0]LogUObjectGlobals: Created PersistentFrame Addr=0x000002611a2facd0, Size=16, Default__BP_HitscanTracer_C Function /Game/NewStreak/Core/Weapons/BP_HitscanTracer.BP_HitscanTracer_C:ExecuteUbergraph_BP_HitscanTracer
[2018.06.25-18.55.33:127][  0]LogUObjectGlobals: Created PersistentFrame Addr=0x000002610c36ada0, Size=112, Default__BP_HitscanWeapon_C Function /Game/NewStreak/Core/Weapons/BP_HitscanWeapon.BP_HitscanWeapon_C:ExecuteUbergraph_BP_HitscanWeapon
[2018.06.25-18.55.33:127][  0]LogUObjectGlobals: Created PersistentFrame Addr=0x000002610c542660, Size=40, Default__BP_HitscanWeapon_C Function /Game/NewStreak/Core/Weapons/BP_FiringWeaponBase.BP_FiringWeaponBase_C:ExecuteUbergraph_BP_FiringWeaponBase
[2018.06.25-18.55.33:147][  0]LogUObjectGlobals: Created PersistentFrame Addr=0x000002610c397a00, Size=256, Default__FirstPersonProjectile_C Function /Game/NewStreak/3rdPartyLibrariesImports/FirstPerson/FirstPersonBP/Blueprints/FirstPersonProjectile.FirstPersonProjectile_C:ExecuteUbergraph_FirstPersonProjectile
[2018.06.25-18.55.33:175][  0]LogUObjectGlobals: Created PersistentFrame Addr=0x000002611af1f010, Size=24, Default__BP_HUD_C Function /Game/NewStreak/Core/UI/BP_HUD.BP_HUD_C:ExecuteUbergraph_BP_HUD
[2018.06.25-18.55.33:229][  0]LogUObjectGlobals: Destroyed PersistentFrame Addr=0x000002610c542c78, Size=40
[2018.06.25-18.55.33:229][  0]LogUObjectGlobals: Created PersistentFrame Addr=0x000002611af35148, Size=40, Default__BP_FiringWeaponBase_C Function /Engine/Transient.REINST_BP_FiringWeaponBase_C_15:ExecuteUbergraph_BP_FiringWeaponBase
[2018.06.25-18.55.33:229][  0]LogUObjectGlobals: Destroyed PersistentFrame Addr=0x000002611a2facd0, Size=16
[2018.06.25-18.55.33:229][  0]LogUObjectGlobals: Created PersistentFrame Addr=0x000002611aac2ed0, Size=16, Default__BP_HitscanTracer_C Function /Engine/Transient.REINST_BP_HitscanTracer_C_16:ExecuteUbergraph_BP_HitscanTracer
[2018.06.25-18.55.33:229][  0]LogUObjectGlobals: Destroyed PersistentFrame Addr=0x000002610fdcfa10, Size=72
[2018.06.25-18.55.33:229][  0]LogUObjectGlobals: Created PersistentFrame Addr=0x000002611ab38310, Size=72, Default__FirstPerson_AnimBP_C Function /Engine/Transient.REINST_FirstPerson_AnimBP_C_0:ExecuteUbergraph_FirstPerson_AnimBP
[2018.06.25-18.55.33:229][  0]LogUObjectGlobals: Destroyed PersistentFrame Addr=0x000002610c397a00, Size=256
[2018.06.25-18.55.33:230][  0]LogUObjectGlobals: Created PersistentFrame Addr=0x000002610c404c00, Size=256, Default__FirstPersonProjectile_C Function /Engine/Transient.REINST_FirstPersonProjectile_C_17:ExecuteUbergraph_FirstPersonProjectile
[2018.06.25-18.55.33:230][  0]LogUObjectGlobals: Destroyed PersistentFrame Addr=0x000002610fd4e9d0, Size=72
[2018.06.25-18.55.33:230][  0]LogUObjectGlobals: Created PersistentFrame Addr=0x000002610fd4e9d0, Size=72, Default__ThirdPerson_AnimBP_C Function /Engine/Transient.REINST_ThirdPerson_AnimBP_C_1:ExecuteUbergraph_ThirdPerson_AnimBP
[2018.06.25-18.55.33:230][  0]LogUObjectGlobals: Destroyed PersistentFrame Addr=0x000002610c36ada0, Size=112
[2018.06.25-18.55.33:230][  0]LogUObjectGlobals: Destroyed PersistentFrame Addr=0x000002610c542660, Size=40
[2018.06.25-18.55.33:230][  0]LogUObjectGlobals: Created PersistentFrame Addr=0x000002610c382240, Size=112, Default__BP_HitscanWeapon_C Function /Engine/Transient.REINST_BP_HitscanWeapon_C_18:ExecuteUbergraph_BP_HitscanWeapon
[2018.06.25-18.55.33:230][  0]LogUObjectGlobals: Created PersistentFrame Addr=0x000002611af350d0, Size=40, Default__BP_HitscanWeapon_C Function /Engine/Transient.REINST_BP_FiringWeaponBase_C_15:ExecuteUbergraph_BP_FiringWeaponBase
[2018.06.25-18.55.33:230][  0]LogUObjectGlobals: Destroyed PersistentFrame Addr=0x000002611af1f010, Size=24
[2018.06.25-18.55.33:230][  0]LogUObjectGlobals: Created PersistentFrame Addr=0x000002611aaeae00, Size=24, Default__BP_HUD_C Function /Engine/Transient.REINST_BP_HUD_C_19:ExecuteUbergraph_BP_HUD
[2018.06.25-18.55.33:231][  0]LogUObjectGlobals: Destroyed PersistentFrame Addr=0x000002610fb7d800, Size=624
[2018.06.25-18.55.33:231][  0]LogUObjectGlobals: Created PersistentFrame Addr=0x000002611ab21a80, Size=624, Default__BP_FPSBaseCharacter_C Function /Engine/Transient.REINST_BP_FPSBaseCharacter_C_20:ExecuteUbergraph_BP_FPSBaseCharacter
[2018.06.25-18.55.33:259][  0]LogUObjectGlobals: Created PersistentFrame Addr=0x000002611af34360, Size=40, Default__BP_FiringWeaponBase_C Function /Game/NewStreak/Core/Weapons/BP_FiringWeaponBase.BP_FiringWeaponBase_C:ExecuteUbergraph_BP_FiringWeaponBase
[2018.06.25-18.55.33:259][  0]LogUObjectGlobals: Created PersistentFrame Addr=0x000002611a816ba0, Size=16, Default__BP_HitscanTracer_C Function /Game/NewStreak/Core/Weapons/BP_HitscanTracer.BP_HitscanTracer_C:ExecuteUbergraph_BP_HitscanTracer
[2018.06.25-18.55.33:260][  0]LogUObjectGlobals: Created PersistentFrame Addr=0x000002611a7bbd80, Size=64, Default__FirstPerson_AnimBP_C Function /Game/NewStreak/3rdPartyLibrariesImports/FirstPerson/Animations/FirstPerson_AnimBP.FirstPerson_AnimBP_C:ExecuteUbergraph_FirstPerson_AnimBP
[2018.06.25-18.55.33:261][  0]LogUObjectGlobals: Created PersistentFrame Addr=0x000002611a7a7400, Size=256, Default__FirstPersonProjectile_C Function /Game/NewStreak/3rdPartyLibrariesImports/FirstPerson/FirstPersonBP/Blueprints/FirstPersonProjectile.FirstPersonProjectile_C:ExecuteUbergraph_FirstPersonProjectile
[2018.06.25-18.55.33:261][  0]LogUObjectGlobals: Created PersistentFrame Addr=0x000002611a7b2cf0, Size=72, Default__ThirdPerson_AnimBP_C Function /Game/NewStreak/3rdPartyLibrariesImports/3rdPersonTemplate/Mannequin/Animations/ThirdPerson_AnimBP.ThirdPerson_AnimBP_C:ExecuteUbergraph_ThirdPerson_AnimBP
[2018.06.25-18.55.33:263][  0]LogUObjectGlobals: Created PersistentFrame Addr=0x000002611a76e7f0, Size=112, Default__BP_HitscanWeapon_C Function /Game/NewStreak/Core/Weapons/BP_HitscanWeapon.BP_HitscanWeapon_C:ExecuteUbergraph_BP_HitscanWeapon
[2018.06.25-18.55.33:263][  0]LogUObjectGlobals: Created PersistentFrame Addr=0x000002611af378a8, Size=40, Default__BP_HitscanWeapon_C Function /Game/NewStreak/Core/Weapons/BP_FiringWeaponBase.BP_FiringWeaponBase_C:ExecuteUbergraph_BP_FiringWeaponBase
[2018.06.25-18.55.33:263][  0]LogUObjectGlobals: Created PersistentFrame Addr=0x000002611a8825a8, Size=24, Default__BP_HUD_C Function /Game/NewStreak/Core/UI/BP_HUD.BP_HUD_C:ExecuteUbergraph_BP_HUD
[2018.06.25-18.55.33:266][  0]LogUObjectGlobals: Created PersistentFrame Addr=0x000002611a72fb00, Size=624, Default__BP_FPSBaseCharacter_C Function /Game/NewStreak/Core/BP_FPSBaseCharacter.BP_FPSBaseCharacter_C:ExecuteUbergraph_BP_FPSBaseCharacter
[2018.06.25-18.55.33:678][  0]LogSkeletalMesh: Skeletal Mesh found in DDC [6.307514ms] /Game/NewStreak/3rdPartyLibrariesImports/FirstPerson/Character/Mesh/SK_Mannequin_Arms.SK_Mannequin_Arms
[2018.06.25-18.55.33:683][  0]LogSkeletalMesh: Skeletal Mesh found in DDC [4.436312ms] /Game/NewStreak/3rdPartyLibrariesImports/FirstPerson/FPWeapon/Mesh/SK_FPGun.SK_FPGun
[2018.06.25-18.55.33:725][  0]LogSkeletalMesh: Skeletal Mesh found in DDC [12.024081ms] /Game/NewStreak/3rdPartyLibrariesImports/3rdPersonTemplate/Mannequin/Character/Mesh/SK_Mannequin.SK_Mannequin
[2018.06.25-18.55.33:743][  0]LogMaterial: Missing cached shader map for material M_UE4Man_Body, compiling. 
[2018.06.25-18.55.33:816][  0]LogShaderCompilers: Display: Shaders left to compile 128
[2018.06.25-18.55.33:816][  0]LogShaderCompilers: Display: Shaders left to compile 118
[2018.06.25-18.55.33:816][  0]LogShaderCompilers: Display: Shaders left to compile 108
[2018.06.25-18.55.33:816][  0]LogShaderCompilers: Display: Shaders left to compile 98
[2018.06.25-18.55.33:816][  0]LogShaderCompilers: Display: Shaders left to compile 88
[2018.06.25-18.55.33:816][  0]LogTexture: Display: Building textures: crosshair (AutoDXT, 100X100)
[2018.06.25-18.55.33:822][  0]LogLoad: Game class is 'BP_FreeForAll_C'
[2018.06.25-18.55.33:824][  0]LogWorld: Bringing World /Game/NewStreak/Maps/Menu.Menu up for play (max tick rate 0) at 2018.06.25-13.55.33
[2018.06.25-18.55.33:825][  0]LogWorld: Bringing up level for play took: 0.002098
[2018.06.25-18.55.33:837][  0]LogLoad: Took 1.069019 seconds to LoadMap(/Game/NewStreak/Maps/Menu)
[2018.06.25-18.55.33:914][  0]LogLoad: (Engine Initialization) Total time: 13.28 seconds
[2018.06.25-18.55.33:914][  0]LogLoad: (Engine Initialization) Total Blueprint compile time: 0.00 seconds
[2018.06.25-18.55.33:932][  0]LogRenderer: Reallocating scene render targets to support 2560x1440 Format 10 NumSamples 1 (Frame:1).
[2018.06.25-18.55.33:969][  0]LogWindowsTextInputMethodSystem: Display: IME system now deactivated.
[2018.06.25-18.55.33:973][  0]LogContentStreaming: Texture pool size now 1000 MB
[2018.06.25-18.55.35:692][ 84]LogShaderCompilers: Display: Shaders left to compile 78
[2018.06.25-18.55.35:772][ 89]LogShaderCompilers: Display: Shaders left to compile 68
[2018.06.25-18.55.35:952][100]LogShaderCompilers: Display: Shaders left to compile 58
[2018.06.25-18.55.36:789][152]LogShaderCompilers: Display: Shaders left to compile 48
[2018.06.25-18.55.37:017][166]LogShaderCompilers: Display: Shaders left to compile 38
[2018.06.25-18.55.37:160][175]LogShaderCompilers: Display: Shaders left to compile 28
[2018.06.25-18.55.38:080][232]LogShaderCompilers: Display: Shaders left to compile 18
[2018.06.25-18.55.38:225][241]LogShaderCompilers: Display: Shaders left to compile 8
[2018.06.25-18.55.45:079][665]LogSlate: FSceneViewport::OnFocusLost() reason 0
[2018.06.25-18.55.45:143][669]Closing by request
[2018.06.25-18.55.45:143][669]LogWindows: FPlatformMisc::RequestExit(0)
[2018.06.25-18.55.46:044][670]LogSlate: Window 'Lawbreakers (64-bit, PCD3D_SM5) ' being destroyed
[2018.06.25-18.55.46:044][670]LogWindowsTextInputMethodSystem: Display: IME system now deactivated.
[2018.06.25-18.55.46:046][670]LogWindowsTextInputMethodSystem: Display: IME system now deactivated.
[2018.06.25-18.55.46:057][670]LogSlate: Slate User Destroyed.  User Index 0, Is Virtual User: 0
[2018.06.25-18.55.46:058][670]LogExit: Preparing to exit.
[2018.06.25-18.55.46:058][670]LogMoviePlayer: Shutting down movie player
[2018.06.25-18.55.46:081][670]LogExit: Game engine shut down
[2018.06.25-18.55.46:083][670]LogUObjectGlobals: Destroyed PersistentFrame Addr=0x000002610c0afc60, Size=32
[2018.06.25-18.55.46:083][670]LogUObjectGlobals: Destroyed PersistentFrame Addr=0x000002616adf4d78, Size=24
[2018.06.25-18.55.46:083][670]LogUObjectGlobals: Destroyed PersistentFrame Addr=0x000002610c3a1590, Size=112
[2018.06.25-18.55.46:083][670]LogUObjectGlobals: Destroyed PersistentFrame Addr=0x000002610c415a20, Size=96
[2018.06.25-18.55.46:083][670]LogUObjectGlobals: Destroyed PersistentFrame Addr=0x000002610c38b700, Size=384
[2018.06.25-18.55.46:083][670]LogUObjectGlobals: Destroyed PersistentFrame Addr=0x000002610c543fb0, Size=40
[2018.06.25-18.55.46:084][670]LogUObjectGlobals: Destroyed PersistentFrame Addr=0x000002610c0af7e0, Size=32
[2018.06.25-18.55.46:084][670]LogUObjectGlobals: Destroyed PersistentFrame Addr=0x000002611ab21a80, Size=624
[2018.06.25-18.55.46:084][670]LogUObjectGlobals: Destroyed PersistentFrame Addr=0x000002611af35148, Size=40
[2018.06.25-18.55.46:084][670]LogUObjectGlobals: Destroyed PersistentFrame Addr=0x000002611ab38310, Size=72
[2018.06.25-18.55.46:084][670]LogUObjectGlobals: Destroyed PersistentFrame Addr=0x000002610fd4e9d0, Size=72
[2018.06.25-18.55.46:084][670]LogUObjectGlobals: Destroyed PersistentFrame Addr=0x000002610c382240, Size=112
[2018.06.25-18.55.46:084][670]LogUObjectGlobals: Destroyed PersistentFrame Addr=0x000002611af350d0, Size=40
[2018.06.25-18.55.46:085][670]LogUObjectGlobals: Destroyed PersistentFrame Addr=0x000002611aac2ed0, Size=16
[2018.06.25-18.55.46:085][670]LogUObjectGlobals: Destroyed PersistentFrame Addr=0x000002610c404c00, Size=256
[2018.06.25-18.55.46:085][670]LogUObjectGlobals: Destroyed PersistentFrame Addr=0x000002611aaeae00, Size=24
[2018.06.25-18.55.46:085][670]LogUObjectGlobals: Destroyed PersistentFrame Addr=0x000002611af34360, Size=40
[2018.06.25-18.55.46:085][670]LogUObjectGlobals: Destroyed PersistentFrame Addr=0x000002611a816ba0, Size=16
[2018.06.25-18.55.46:085][670]LogUObjectGlobals: Destroyed PersistentFrame Addr=0x000002611a7bbd80, Size=64
[2018.06.25-18.55.46:085][670]LogUObjectGlobals: Destroyed PersistentFrame Addr=0x000002611a7a7400, Size=256
[2018.06.25-18.55.46:085][670]LogUObjectGlobals: Destroyed PersistentFrame Addr=0x000002611a7b2cf0, Size=72
[2018.06.25-18.55.46:085][670]LogUObjectGlobals: Destroyed PersistentFrame Addr=0x000002611a76e7f0, Size=112
[2018.06.25-18.55.46:085][670]LogUObjectGlobals: Destroyed PersistentFrame Addr=0x000002611af378a8, Size=40
[2018.06.25-18.55.46:085][670]LogUObjectGlobals: Destroyed PersistentFrame Addr=0x000002611a8825a8, Size=24
[2018.06.25-18.55.46:085][670]LogUObjectGlobals: Destroyed PersistentFrame Addr=0x000002611a72fb00, Size=624
[2018.06.25-18.55.46:127][670]LogExit: Object subsystem successfully closed.
[2018.06.25-18.55.46:142][670]LogShaderCompilers: Display: Shaders left to compile 0
[2018.06.25-18.55.46:146][670]LogD3D11RHI: Shutdown
[2018.06.25-18.55.46:146][670]LogD3D11RHI: CleanupD3DDevice
[2018.06.25-18.55.46:147][670]LogD3D11RHI: ~FD3D11DynamicRHI
[2018.06.25-18.55.46:157][670]LogModuleManager: Shutting down and abandoning module SequenceRecorderSections (340)
[2018.06.25-18.55.46:157][670]LogModuleManager: Shutting down and abandoning module SequenceRecorder (338)
[2018.06.25-18.55.46:157][670]LogModuleManager: Shutting down and abandoning module AutomationController (336)
[2018.06.25-18.55.46:157][670]LogModuleManager: Shutting down and abandoning module AutomationWorker (334)
[2018.06.25-18.55.46:157][670]LogModuleManager: Shutting down and abandoning module Voice (332)
[2018.06.25-18.55.46:157][670]LogModuleManager: Shutting down and abandoning module AIModule (330)
[2018.06.25-18.55.46:157][670]LogModuleManager: Shutting down and abandoning module GameplayDebugger (329)
[2018.06.25-18.55.46:157][670]LogModuleManager: Shutting down and abandoning module AITestSuite (327)
[2018.06.25-18.55.46:157][670]LogModuleManager: Shutting down and abandoning module WmfMediaFactory (324)
[2018.06.25-18.55.46:157][670]LogModuleManager: Shutting down and abandoning module OpenExrWrapper (322)
[2018.06.25-18.55.46:157][670]LogModuleManager: Shutting down and abandoning module ImgMediaFactory (320)
[2018.06.25-18.55.46:157][670]LogModuleManager: Shutting down and abandoning module AvfMediaFactory (318)
[2018.06.25-18.55.46:157][670]LogModuleManager: Shutting down and abandoning module CharacterAI (316)
[2018.06.25-18.55.46:157][670]LogModuleManager: Shutting down and abandoning module SessionServices (314)
[2018.06.25-18.55.46:157][670]LogModuleManager: Shutting down and abandoning module MovieSceneCapture (312)
[2018.06.25-18.55.46:157][670]LogModuleManager: Shutting down and abandoning module MovieSceneTracks (310)
[2018.06.25-18.55.46:157][670]LogModuleManager: Shutting down and abandoning module MovieScene (308)
[2018.06.25-18.55.46:157][670]LogModuleManager: Shutting down and abandoning module GeometryCache (306)
[2018.06.25-18.55.46:157][670]LogModuleManager: Shutting down and abandoning module GeometryCacheEd (305)
[2018.06.25-18.55.46:157][670]LogModuleManager: Shutting down and abandoning module StreamingPauseRendering (302)
[2018.06.25-18.55.46:157][670]LogModuleManager: Shutting down and abandoning module PortalServices (300)
[2018.06.25-18.55.46:157][670]LogModuleManager: Shutting down and abandoning module PortalRpc (298)
[2018.06.25-18.55.46:157][670]LogModuleManager: Shutting down and abandoning module MessagingRpc (296)
[2018.06.25-18.55.46:157][670]LogModuleManager: Shutting down and abandoning module ProfilerService (294)
[2018.06.25-18.55.46:244][670]LogModuleManager: Shutting down and abandoning module TaskGraph (292)
[2018.06.25-18.55.46:244][670]LogModuleManager: Shutting down and abandoning module SteamVRController (290)
[2018.06.25-18.55.46:244][670]LogModuleManager: Shutting down and abandoning module ProceduralMeshComponent (288)
[2018.06.25-18.55.46:245][670]LogModuleManager: Shutting down and abandoning module OculusInput (286)
[2018.06.25-18.55.46:245][670]LogModuleManager: Shutting down and abandoning module MobilePatchingUtils (284)
[2018.06.25-18.55.46:245][670]LogModuleManager: Shutting down and abandoning module CustomMeshComponent (282)
[2018.06.25-18.55.46:245][670]LogModuleManager: Shutting down and abandoning module CableComponent (280)
[2018.06.25-18.55.46:245][670]LogModuleManager: Shutting down and abandoning module AudioCapture (278)
[2018.06.25-18.55.46:245][670]LogModuleManager: Shutting down and abandoning module ArchVisCharacter (276)
[2018.06.25-18.55.46:245][670]LogModuleManager: Shutting down and abandoning module AndroidPermission (274)
[2018.06.25-18.55.46:245][670]LogModuleManager: Shutting down and abandoning module NUTUnrealEngine4 (272)
[2018.06.25-18.55.46:245][670]LogModuleManager: Shutting down and abandoning module NetcodeUnitTest (270)
[2018.06.25-18.55.46:245][670]LogModuleManager: Shutting down and abandoning module MediaCompositing (268)
[2018.06.25-18.55.46:245][670]LogModuleManager: Shutting down and abandoning module LinearTimecode (266)
[2018.06.25-18.55.46:245][670]LogModuleManager: Shutting down and abandoning module ImgMedia (264)
[2018.06.25-18.55.46:246][670]LogModuleManager: Shutting down and abandoning module HTML5Networking (262)
[2018.06.25-18.55.46:246][670]LogModuleManager: Shutting down and abandoning module DatasmithContent (260)
[2018.06.25-18.55.46:246][670]LogModuleManager: Shutting down and abandoning module CryptoKeysOpenSSL (258)
[2018.06.25-18.55.46:246][670]LogModuleManager: Shutting down and abandoning module CryptoKeys (256)
[2018.06.25-18.55.46:246][670]LogModuleManager: Shutting down and abandoning module VisualStudioSourceCodeAccess (254)
[2018.06.25-18.55.46:246][670]LogModuleManager: Shutting down and abandoning module HotReload (253)
[2018.06.25-18.55.46:246][670]LogDirectoryWatcher: A directory notification for 'C:/Users/Connor McGeary/Documents/Unreal Projects/NewStreak/Plugins/AdvancedSessions/AdvancedSessions/Binaries/Win64' was aborted.
[2018.06.25-18.55.46:246][670]LogDirectoryWatcher: A directory notification for 'C:/Users/Connor McGeary/Documents/Unreal Projects/NewStreak/Plugins/AdvancedSessions/AdvancedSteamSessions/Binaries/Win64' was aborted.
[2018.06.25-18.55.46:246][670]LogModuleManager: Shutting down and abandoning module DirectoryWatcher (252)
[2018.06.25-18.55.46:246][670]LogModuleManager: Shutting down and abandoning module VisualStudioCodeSourceCodeAccess (248)
[2018.06.25-18.55.46:246][670]LogModuleManager: Shutting down and abandoning module UObjectPlugin (246)
[2018.06.25-18.55.46:246][670]LogModuleManager: Shutting down and abandoning module SubversionSourceControl (244)
[2018.06.25-18.55.46:246][670]LogModuleManager: Shutting down and abandoning module PerforceSourceControl (242)
[2018.06.25-18.55.46:247][670]LogModuleManager: Shutting down and abandoning module SourceControl (241)
[2018.06.25-18.55.46:247][670]LogModuleManager: Shutting down and abandoning module CLionSourceCodeAccess (238)
[2018.06.25-18.55.46:247][670]LogModuleManager: Shutting down and abandoning module AdvancedSteamSessions (236)
[2018.06.25-18.55.46:247][670]LogModuleManager: Shutting down and abandoning module AdvancedSessions (234)
[2018.06.25-18.55.46:247][670]LogModuleManager: Shutting down and abandoning module RuntimePhysXCooking (232)
[2018.06.25-18.55.46:247][670]LogModuleManager: Shutting down and abandoning module PhysXVehiclesEditor (230)
[2018.06.25-18.55.46:247][670]LogModuleManager: Shutting down and abandoning module PhysXVehicles (228)
[2018.06.25-18.55.46:247][670]LogModuleManager: Shutting down and abandoning module LocationServicesBPLibrary (226)
[2018.06.25-18.55.46:247][670]LogModuleManager: Shutting down and abandoning module ImmediatePhysicsEditor (224)
[2018.06.25-18.55.46:247][670]LogModuleManager: Shutting down and abandoning module ImmediatePhysics (222)
[2018.06.25-18.55.46:247][670]LogModuleManager: Shutting down and abandoning module ActorSequence (220)
[2018.06.25-18.55.46:247][670]LogModuleManager: Shutting down and abandoning module UdpMessaging (218)
[2018.06.25-18.55.46:247][670]LogModuleManager: Shutting down and abandoning module TcpMessaging (216)
[2018.06.25-18.55.46:247][670]LogModuleManager: Shutting down and abandoning module GameplayTagsEditor (214)
[2018.06.25-18.55.46:247][670]LogModuleManager: Shutting down and abandoning module FacialAnimation (212)
[2018.06.25-18.55.46:247][670]LogModuleManager: Shutting down and abandoning module DataValidation (210)
[2018.06.25-18.55.46:247][670]LogModuleManager: Shutting down and abandoning module AssetManagerEditor (208)
[2018.06.25-18.55.46:247][670]LogModuleManager: Shutting down and abandoning module TreeMap (207)
[2018.06.25-18.55.46:247][670]LogModuleManager: Shutting down and abandoning module LightPropagationVolumeRuntime (204)
[2018.06.25-18.55.46:247][670]LogModuleManager: Shutting down and abandoning module LiveLink (202)
[2018.06.25-18.55.47:136][670]LogModuleManager: Shutting down and abandoning module Paper2D (200)
[2018.06.25-18.55.47:136][670]LogModuleManager: Shutting down and abandoning module PIEPreviewDeviceProfileSelector (198)
[2018.06.25-18.55.47:136][670]LogModuleManager: Shutting down and abandoning module WindowsMoviePlayer (196)
[2018.06.25-18.55.47:136][670]LogModuleManager: Shutting down and abandoning module WmfMedia (194)
[2018.06.25-18.55.47:137][670]LogModuleManager: Shutting down and abandoning module Media (193)
[2018.06.25-18.55.47:142][670]LogModuleManager: Shutting down and abandoning module PacketHandler (190)
[2018.06.25-18.55.47:142][670]LogModuleManager: Shutting down and abandoning module ClothingSystemEditor (188)
[2018.06.25-18.55.47:142][670]LogModuleManager: Shutting down and abandoning module ClothingSystemRuntime (186)
[2018.06.25-18.55.47:142][670]LogModuleManager: Shutting down and abandoning module MediaAssets (184)
[2018.06.25-18.55.47:142][670]LogModuleManager: Shutting down and abandoning module Overlay (182)
[2018.06.25-18.55.47:142][670]LogModuleManager: Shutting down and abandoning module OverlayEditor (181)
[2018.06.25-18.55.47:142][670]LogModuleManager: Shutting down and abandoning module VREditor (178)
[2018.06.25-18.55.47:142][670]LogModuleManager: Shutting down and abandoning module StringTableEditor (176)
[2018.06.25-18.55.47:142][670]LogModuleManager: Shutting down and abandoning module GameplayTasksEditor (174)
[2018.06.25-18.55.47:142][670]LogModuleManager: Shutting down and abandoning module BehaviorTreeEditor (172)
[2018.06.25-18.55.47:142][670]LogModuleManager: Shutting down and abandoning module FunctionalTesting (170)
[2018.06.25-18.55.47:142][670]LogModuleManager: Shutting down and abandoning module CollisionAnalyzer (168)
[2018.06.25-18.55.47:142][670]LogModuleManager: Shutting down and abandoning module WorkspaceMenuStructure (167)
[2018.06.25-18.55.47:142][670]LogModuleManager: Shutting down and abandoning module UMG (164)
[2018.06.25-18.55.47:142][670]LogModuleManager: Shutting down and abandoning module UMGEditor (163)
[2018.06.25-18.55.47:142][670]LogModuleManager: Shutting down and abandoning module Sequencer (162)
[2018.06.25-18.55.47:142][670]LogModuleManager: Shutting down and abandoning module MessageLog (159)
[2018.06.25-18.55.47:142][670]LogModuleManager: Shutting down and abandoning module SlateReflector (154)
[2018.06.25-18.55.47:142][670]LogModuleManager: Shutting down and abandoning module Slate (152)
[2018.06.25-18.55.47:142][670]LogModuleManager: Shutting down and abandoning module EditorStyle (150)
[2018.06.25-18.55.47:143][670]LogModuleManager: Shutting down and abandoning module MRMesh (148)
[2018.06.25-18.55.47:143][670]LogModuleManager: Shutting down and abandoning module Messaging (146)
[2018.06.25-18.55.47:143][670]LogModuleManager: Shutting down and abandoning module SourceCodeAccess (144)
[2018.06.25-18.55.47:143][670]LogModuleManager: Shutting down and abandoning module HeadMountedDisplay (142)
[2018.06.25-18.55.47:143][670]LogModuleManager: Shutting down and abandoning module XAudio2 (140)
[2018.06.25-18.55.47:143][670]LogModuleManager: Shutting down and abandoning module Networking (138)
[2018.06.25-18.55.47:143][670]LogModuleManager: Shutting down and abandoning module Core (136)
[2018.06.25-18.55.47:143][670]LogModuleManager: Shutting down and abandoning module LevelSequence (134)
[2018.06.25-18.55.47:143][670]LogModuleManager: Shutting down and abandoning module KismetCompiler (132)
[2018.06.25-18.55.47:143][670]LogModuleManager: Shutting down and abandoning module MeshUtilities (130)
[2018.06.25-18.55.47:143][670]LogModuleManager: Shutting down and abandoning module MeshMergeUtilities (129)
[2018.06.25-18.55.47:143][670]LogModuleManager: Shutting down and abandoning module MeshReductionInterface (128)
[2018.06.25-18.55.47:143][670]LogModuleManager: Shutting down and abandoning module SimplygonSwarm (127)
[2018.06.25-18.55.47:143][670]LogModuleManager: Shutting down and abandoning module SimplygonMeshReduction (125)
[2018.06.25-18.55.47:143][670]LogModuleManager: Shutting down and abandoning module QuadricMeshReduction (123)
[2018.06.25-18.55.47:143][670]LogModuleManager: Shutting down and abandoning module MaterialBaking (119)
[2018.06.25-18.55.47:143][670]LogModuleManager: Shutting down and abandoning module DerivedDataCache (114)
[2018.06.25-18.55.47:159][670]LogDerivedDataCache: Shutdown
[2018.06.25-18.55.47:159][670]LogModuleManager: Shutting down and abandoning module XGEController (112)
[2018.06.25-18.55.47:159][670]LogXGEController: Cleaning working directory: C:/Users/Connor McGeary/AppData/Local/Temp/UnrealXGEWorkingDir/
[2018.06.25-18.55.47:159][670]LogModuleManager: Shutting down and abandoning module TargetPlatform (110)
[2018.06.25-18.55.47:159][670]LogModuleManager: Shutting down and abandoning module VulkanShaderFormat (109)
[2018.06.25-18.55.47:159][670]LogModuleManager: Shutting down and abandoning module ShaderFormatVectorVM (107)
[2018.06.25-18.55.47:159][670]LogModuleManager: Shutting down and abandoning module ShaderFormatOpenGL (105)
[2018.06.25-18.55.47:159][670]LogModuleManager: Shutting down and abandoning module ShaderFormatD3D (103)
[2018.06.25-18.55.47:159][670]LogModuleManager: Shutting down and abandoning module MetalShaderFormat (101)
[2018.06.25-18.55.47:159][670]LogModuleManager: Shutting down and abandoning module TextureFormatUncompressed (99)
[2018.06.25-18.55.47:159][670]LogModuleManager: Shutting down and abandoning module TextureFormatPVR (97)
[2018.06.25-18.55.47:159][670]LogModuleManager: Shutting down and abandoning module TextureFormatDXT (95)
[2018.06.25-18.55.47:159][670]LogModuleManager: Shutting down and abandoning module TextureFormatIntelISPCTexComp (93)
[2018.06.25-18.55.47:159][670]LogModuleManager: Shutting down and abandoning module TextureFormatASTC (91)
[2018.06.25-18.55.47:159][670]LogModuleManager: Shutting down and abandoning module ImageWrapper (90)
[2018.06.25-18.55.47:159][670]LogModuleManager: Shutting down and abandoning module TextureFormatAndroid (87)
[2018.06.25-18.55.47:159][670]LogModuleManager: Shutting down and abandoning module AudioFormatOpus (85)
[2018.06.25-18.55.47:159][670]LogModuleManager: Shutting down and abandoning module AudioFormatOgg (83)
[2018.06.25-18.55.47:159][670]LogModuleManager: Shutting down and abandoning module AudioFormatADPCM (81)
[2018.06.25-18.55.47:159][670]LogModuleManager: Shutting down and abandoning module WindowsTargetPlatform (79)
[2018.06.25-18.55.47:159][670]LogModuleManager: Shutting down and abandoning module WindowsServerTargetPlatform (77)
[2018.06.25-18.55.47:159][670]LogModuleManager: Shutting down and abandoning module WindowsNoEditorTargetPlatform (75)
[2018.06.25-18.55.47:159][670]LogModuleManager: Shutting down and abandoning module WindowsClientTargetPlatform (73)
[2018.06.25-18.55.47:159][670]LogModuleManager: Shutting down and abandoning module InputCore (70)
[2018.06.25-18.55.47:159][670]LogModuleManager: Shutting down and abandoning module Settings (68)
[2018.06.25-18.55.47:159][670]LogModuleManager: Shutting down and abandoning module PhysXCooking (66)
[2018.06.25-18.55.47:159][670]LogModuleManager: Shutting down and abandoning module SteamVR (64)
[2018.06.25-18.55.47:159][670]LogModuleManager: Shutting down and abandoning module OculusHMD (62)
[2018.06.25-18.55.47:159][670]LogModuleManager: Shutting down and abandoning module ExampleDeviceProfileSelector (60)
[2018.06.25-18.55.47:159][670]LogModuleManager: Shutting down and abandoning module AppleARKit (58)
[2018.06.25-18.55.47:159][670]LogModuleManager: Shutting down and abandoning module AugmentedReality (57)
[2018.06.25-18.55.47:159][670]LogModuleManager: Shutting down and abandoning module OnlineBlueprintSupport (54)
[2018.06.25-18.55.47:159][670]LogModuleManager: Shutting down and abandoning module OnlineSubsystem (50)
[2018.06.25-18.55.47:159][670]LogOnline: Display: OSS: FOnlineSubsystemNull::Shutdown()
[2018.06.25-18.55.47:159][670]LogOnline: Display: OSS: FOnlineAsyncTaskManager::Stop() ActiveTask:0000000000000000 Tasks[0/0]
[2018.06.25-18.55.47:159][670]LogOnline: Display: OSS: FOnlineAsyncTaskManager::Exit() started
[2018.06.25-18.55.47:160][670]LogOnline: Display: OSS: FOnlineAsyncTaskManager::Exit() finished
[2018.06.25-18.55.47:160][670]LogModuleManager: Shutting down and abandoning module XMPP (43)
[2018.06.25-18.55.47:160][670]LogModuleManager: Shutting down and abandoning module HTTP (41)
[2018.06.25-18.55.47:193][670]LogModuleManager: Shutting down and abandoning module SSL (40)
[2018.06.25-18.55.47:194][670]LogModuleManager: Shutting down and abandoning module AnimationModifiers (36)
[2018.06.25-18.55.47:194][670]LogModuleManager: Shutting down and abandoning module PropertyEditor (35)
[2018.06.25-18.55.47:194][670]LogModuleManager: Shutting down and abandoning module AudioEditor (32)
[2018.06.25-18.55.47:194][670]LogModuleManager: Shutting down and abandoning module TextureCompressor (30)
[2018.06.25-18.55.47:194][670]LogModuleManager: Shutting down and abandoning module ShaderCore (28)
[2018.06.25-18.55.47:194][670]LogModuleManager: Shutting down and abandoning module Landscape (26)
[2018.06.25-18.55.47:194][670]LogModuleManager: Shutting down and abandoning module SlateRHIRenderer (24)
[2018.06.25-18.55.47:194][670]LogModuleManager: Shutting down and abandoning module OpenGLDrv (22)
[2018.06.25-18.55.47:194][670]LogModuleManager: Shutting down and abandoning module D3D11RHI (20)
[2018.06.25-18.55.47:194][670]LogModuleManager: Shutting down and abandoning module AnimGraphRuntime (18)
[2018.06.25-18.55.47:194][670]LogModuleManager: Shutting down and abandoning module Renderer (16)
[2018.06.25-18.55.47:194][670]LogModuleManager: Shutting down and abandoning module Engine (14)
[2018.06.25-18.55.47:194][670]LogModuleManager: Shutting down and abandoning module CoreUObject (12)
[2018.06.25-18.55.47:194][670]LogModuleManager: Shutting down and abandoning module NetworkFile (10)
[2018.06.25-18.55.47:194][670]LogModuleManager: Shutting down and abandoning module CookedIterativeFile (8)
[2018.06.25-18.55.47:194][670]LogModuleManager: Shutting down and abandoning module StreamingFile (6)
[2018.06.25-18.55.47:194][670]LogModuleManager: Shutting down and abandoning module SandboxFile (4)
[2018.06.25-18.55.47:194][670]LogModuleManager: Shutting down and abandoning module PakFile (2)
[2018.06.25-18.55.47:196][670]LogExit: Exiting.
[2018.06.25-18.55.47:208][670]Log file closed, 06/25/18 13:55:47
