Log file open, 06/26/18 18:04:02
LogWindows: Failed to load 'aqProf.dll' (GetLastError=126)
LogWindows: File 'aqProf.dll' does not exist
LogWindows: Failed to load 'VtuneApi.dll' (GetLastError=126)
LogWindows: File 'VtuneApi.dll' does not exist
LogWindows: Failed to load 'VtuneApi32e.dll' (GetLastError=126)
LogWindows: File 'VtuneApi32e.dll' does not exist
LogInit: Display: Running engine for game: Lawbreakers
LogPlatformFile: Not using cached read wrapper
LogInit: Display: RandInit(146882731) SRandInit(146882731).
LogInit: Read version file with build ID '3944462'
LogInit: Overriding engine version to CL 4033788, compatible CL 3944462
LogInit: Registered custom module enumerator with build ID '3944462'
LogTaskGraph: Started task graph with 5 named threads and 14 total threads with 3 sets of task threads.
LogStats: Stats thread started at 0.152422
LogD3D11RHI: Aftermath initialized
LogICUInternationalization: Display: ICU TimeZone Detection - Raw Offset: +0:00, Platform Override: ''
LogModuleManager: Display: Found up-to-date module file ../../../Engine/Plugins/2D/Paper2D/Binaries/Win64/UE4Editor-Paper2D.dll (API version 3944462).
LogModuleManager: Display: Found up-to-date module file ../../../Engine/Plugins/2D/Paper2D/Binaries/Win64/UE4Editor-Paper2DEditor.dll (API version 3944462).
LogModuleManager: Display: Found up-to-date module file ../../../Engine/Plugins/2D/Paper2D/Binaries/Win64/UE4Editor-PaperSpriteSheetImporter.dll (API version 3944462).
LogModuleManager: Display: Found up-to-date module file ../../../Engine/Plugins/2D/Paper2D/Binaries/Win64/UE4Editor-PaperTiledImporter.dll (API version 3944462).
LogModuleManager: Display: Found up-to-date module file ../../../Engine/Plugins/2D/Paper2D/Binaries/Win64/UE4Editor-SmartSnapping.dll (API version 3944462).
LogModuleManager: Display: Found up-to-date module file ../../../Engine/Plugins/Online/OnlineSubsystem/Binaries/Win64/UE4Editor-OnlineSubsystem.dll (API version 3944462).
LogModuleManager: Display: Found up-to-date module file ../../../Engine/Plugins/Online/OnlineSubsystemUtils/Binaries/Win64/UE4Editor-OnlineSubsystemUtils.dll (API version 3944462).
LogModuleManager: Display: Found up-to-date module file ../../../Engine/Plugins/Online/OnlineSubsystemUtils/Binaries/Win64/UE4Editor-OnlineBlueprintSupport.dll (API version 3944462).
LogModuleManager: Display: Found up-to-date module file ../../../Engine/Plugins/Online/OnlineSubsystemSteam/Binaries/Win64/UE4Editor-OnlineSubsystemSteam.dll (API version 3944462).
LogModuleManager: Display: Found up-to-date module file ../../../Engine/Plugins/Blendables/LightPropagationVolume/Binaries/Win64/UE4Editor-LightPropagationVolumeRuntime.dll (API version 3944462).
LogModuleManager: Display: Found up-to-date module file ../../../Engine/Plugins/Blendables/LightPropagationVolume/Binaries/Win64/UE4Editor-LightPropagationVolumeEditor.dll (API version 3944462).
LogModuleManager: Display: Found up-to-date module file ../../../Engine/Plugins/Developer/CLionSourceCodeAccess/Binaries/Win64/UE4Editor-CLionSourceCodeAccess.dll (API version 3944462).
LogModuleManager: Display: Found up-to-date module file ../../../Engine/Plugins/Developer/GitSourceControl/Binaries/Win64/UE4Editor-GitSourceControl.dll (API version 3944462).
LogModuleManager: Display: Found up-to-date module file ../../../Engine/Plugins/Developer/PerforceSourceControl/Binaries/Win64/UE4Editor-PerforceSourceControl.dll (API version 3944462).
LogModuleManager: Display: Found up-to-date module file ../../../Engine/Plugins/Developer/SubversionSourceControl/Binaries/Win64/UE4Editor-SubversionSourceControl.dll (API version 3944462).
LogModuleManager: Display: Found up-to-date module file ../../../Engine/Plugins/Developer/UObjectPlugin/Binaries/Win64/UE4Editor-UObjectPlugin.dll (API version 3944462).
LogModuleManager: Display: Found up-to-date module file ../../../Engine/Plugins/Developer/VisualStudioCodeSourceCodeAccess/Binaries/Win64/UE4Editor-VisualStudioCodeSourceCodeAccess.dll (API version 3944462).
LogModuleManager: Display: Found up-to-date module file ../../../Engine/Plugins/Developer/VisualStudioSourceCodeAccess/Binaries/Win64/UE4Editor-VisualStudioSourceCodeAccess.dll (API version 3944462).
LogModuleManager: Display: Found up-to-date module file ../../../Engine/Plugins/Editor/AssetManagerEditor/Binaries/Win64/UE4Editor-AssetManagerEditor.dll (API version 3944462).
LogModuleManager: Display: Found up-to-date module file ../../../Engine/Plugins/Editor/CryptoKeys/Binaries/Win64/UE4Editor-CryptoKeys.dll (API version 3944462).
LogModuleManager: Display: Found up-to-date module file ../../../Engine/Plugins/Editor/CryptoKeys/Binaries/Win64/UE4Editor-CryptoKeysOpenSSL.dll (API version 3944462).
LogModuleManager: Display: Found up-to-date module file ../../../Engine/Plugins/Editor/DataValidation/Binaries/Win64/UE4Editor-DataValidation.dll (API version 3944462).
LogModuleManager: Display: Found up-to-date module file ../../../Engine/Plugins/Editor/FacialAnimation/Binaries/Win64/UE4Editor-FacialAnimation.dll (API version 3944462).
LogModuleManager: Display: Found up-to-date module file ../../../Engine/Plugins/Editor/FacialAnimation/Binaries/Win64/UE4Editor-FacialAnimationEditor.dll (API version 3944462).
LogModuleManager: Display: Found up-to-date module file ../../../Engine/Plugins/Editor/GameplayTagsEditor/Binaries/Win64/UE4Editor-GameplayTagsEditor.dll (API version 3944462).
LogModuleManager: Display: Found up-to-date module file ../../../Engine/Plugins/Editor/MobileLauncherProfileWizard/Binaries/Win64/UE4Editor-MobileLauncherProfileWizard.dll (API version 3944462).
LogModuleManager: Display: Found up-to-date module file ../../../Engine/Plugins/Editor/PluginBrowser/Binaries/Win64/UE4Editor-PluginBrowser.dll (API version 3944462).
LogModuleManager: Display: Found up-to-date module file ../../../Engine/Plugins/Editor/SpeedTreeImporter/Binaries/Win64/UE4Editor-SpeedTreeImporter.dll (API version 3944462).
LogModuleManager: Display: Found up-to-date module file ../../../Engine/Plugins/Enterprise/DatasmithContent/Binaries/Win64/UE4Editor-DatasmithContent.dll (API version 3944462).
LogModuleManager: Display: Found up-to-date module file ../../../Engine/Plugins/Experimental/AlembicImporter/Binaries/Win64/UE4Editor-AlembicImporter.dll (API version 3944462).
LogModuleManager: Display: Found up-to-date module file ../../../Engine/Plugins/Experimental/AlembicImporter/Binaries/Win64/UE4Editor-AlembicLibrary.dll (API version 3944462).
LogModuleManager: Display: Found up-to-date module file ../../../Engine/Plugins/Experimental/CharacterAI/Binaries/Win64/UE4Editor-CharacterAI.dll (API version 3944462).
LogModuleManager: Display: Found up-to-date module file ../../../Engine/Plugins/Experimental/HTML5Networking/Binaries/Win64/UE4Editor-HTML5Networking.dll (API version 3944462).
LogModuleManager: Display: Found up-to-date module file ../../../Engine/Plugins/Media/AndroidMedia/Binaries/Win64/UE4Editor-AndroidMediaEditor.dll (API version 3944462).
LogModuleManager: Display: Found up-to-date module file ../../../Engine/Plugins/Media/AndroidMedia/Binaries/Win64/UE4Editor-AndroidMediaFactory.dll (API version 3944462).
LogModuleManager: Display: Found up-to-date module file ../../../Engine/Plugins/Media/AvfMedia/Binaries/Win64/UE4Editor-AvfMediaEditor.dll (API version 3944462).
LogModuleManager: Display: Found up-to-date module file ../../../Engine/Plugins/Media/AvfMedia/Binaries/Win64/UE4Editor-AvfMediaFactory.dll (API version 3944462).
LogModuleManager: Display: Found up-to-date module file ../../../Engine/Plugins/Media/AvfMedia/Binaries/Win64/UE4Editor-AvfMediaFactory.dll (API version 3944462).
LogModuleManager: Display: Found up-to-date module file ../../../Engine/Plugins/Media/ImgMedia/Binaries/Win64/UE4Editor-ImgMedia.dll (API version 3944462).
LogModuleManager: Display: Found up-to-date module file ../../../Engine/Plugins/Media/ImgMedia/Binaries/Win64/UE4Editor-ImgMediaEditor.dll (API version 3944462).
LogModuleManager: Display: Found up-to-date module file ../../../Engine/Plugins/Media/ImgMedia/Binaries/Win64/UE4Editor-ImgMediaFactory.dll (API version 3944462).
LogModuleManager: Display: Found up-to-date module file ../../../Engine/Plugins/Media/ImgMedia/Binaries/Win64/UE4Editor-ImgMediaFactory.dll (API version 3944462).
LogModuleManager: Display: Found up-to-date module file ../../../Engine/Plugins/Media/ImgMedia/Binaries/Win64/UE4Editor-OpenExrWrapper.dll (API version 3944462).
LogModuleManager: Display: Found up-to-date module file ../../../Engine/Plugins/Media/LinearTimecode/Binaries/Win64/UE4Editor-LinearTimecode.dll (API version 3944462).
LogModuleManager: Display: Found up-to-date module file ../../../Engine/Plugins/Media/MediaCompositing/Binaries/Win64/UE4Editor-MediaCompositing.dll (API version 3944462).
LogModuleManager: Display: Found up-to-date module file ../../../Engine/Plugins/Media/MediaCompositing/Binaries/Win64/UE4Editor-MediaCompositingEditor.dll (API version 3944462).
LogModuleManager: Display: Found up-to-date module file ../../../Engine/Plugins/Media/MediaPlayerEditor/Binaries/Win64/UE4Editor-MediaPlayerEditor.dll (API version 3944462).
LogModuleManager: Display: Found up-to-date module file ../../../Engine/Plugins/Media/WmfMedia/Binaries/Win64/UE4Editor-WmfMedia.dll (API version 3944462).
LogModuleManager: Display: Found up-to-date module file ../../../Engine/Plugins/Media/WmfMedia/Binaries/Win64/UE4Editor-WmfMediaEditor.dll (API version 3944462).
LogModuleManager: Display: Found up-to-date module file ../../../Engine/Plugins/Media/WmfMedia/Binaries/Win64/UE4Editor-WmfMediaFactory.dll (API version 3944462).
LogModuleManager: Display: Found up-to-date module file ../../../Engine/Plugins/Media/WmfMedia/Binaries/Win64/UE4Editor-WmfMediaFactory.dll (API version 3944462).
LogModuleManager: Display: Found up-to-date module file ../../../Engine/Plugins/Messaging/TcpMessaging/Binaries/Win64/UE4Editor-TcpMessaging.dll (API version 3944462).
LogModuleManager: Display: Found up-to-date module file ../../../Engine/Plugins/Messaging/UdpMessaging/Binaries/Win64/UE4Editor-UdpMessaging.dll (API version 3944462).
LogModuleManager: Display: Found up-to-date module file ../../../Engine/Plugins/MovieScene/ActorSequence/Binaries/Win64/UE4Editor-ActorSequence.dll (API version 3944462).
LogModuleManager: Display: Found up-to-date module file ../../../Engine/Plugins/MovieScene/LevelSequenceEditor/Binaries/Win64/UE4Editor-LevelSequenceEditor.dll (API version 3944462).
LogModuleManager: Display: Found up-to-date module file ../../../Engine/Plugins/MovieScene/MatineeToLevelSequence/Binaries/Win64/UE4Editor-MatineeToLevelSequence.dll (API version 3944462).
LogModuleManager: Display: Found up-to-date module file ../../../Engine/Plugins/NetcodeUnitTest/NetcodeUnitTest/Binaries/Win64/UE4Editor-NetcodeUnitTest.dll (API version 3944462).
LogModuleManager: Display: Found up-to-date module file ../../../Engine/Plugins/NetcodeUnitTest/NUTUnrealEngine4/Binaries/Win64/UE4Editor-NUTUnrealEngine4.dll (API version 3944462).
LogModuleManager: Display: Found up-to-date module file ../../../Engine/Plugins/Runtime/AndroidPermission/Binaries/Win64/UE4Editor-AndroidPermission.dll (API version 3944462).
LogModuleManager: Display: Found up-to-date module file ../../../Engine/Plugins/Online/OnlineSubsystemNull/Binaries/Win64/UE4Editor-OnlineSubsystemNull.dll (API version 3944462).
LogModuleManager: Display: Found up-to-date module file ../../../Engine/Plugins/Runtime/AndroidDeviceProfileSelector/Binaries/Win64/UE4Editor-AndroidDeviceProfileSelector.dll (API version 3944462).
LogModuleManager: Display: Found up-to-date module file ../../../Engine/Plugins/Runtime/AppleARKit/Binaries/Win64/UE4Editor-AppleARKit.dll (API version 3944462).
LogModuleManager: Display: Found up-to-date module file ../../../Engine/Plugins/Runtime/ProceduralMeshComponent/Binaries/Win64/UE4Editor-ProceduralMeshComponent.dll (API version 3944462).
LogModuleManager: Display: Found up-to-date module file ../../../Engine/Plugins/Runtime/ProceduralMeshComponent/Binaries/Win64/UE4Editor-ProceduralMeshComponentEditor.dll (API version 3944462).
LogModuleManager: Display: Found up-to-date module file ../../../Engine/Plugins/Animation/LiveLink/Binaries/Win64/UE4Editor-LiveLink.dll (API version 3944462).
LogModuleManager: Display: Found up-to-date module file ../../../Engine/Plugins/Animation/LiveLink/Binaries/Win64/UE4Editor-LiveLinkEditor.dll (API version 3944462).
LogModuleManager: Display: Found up-to-date module file ../../../Engine/Plugins/Runtime/ArchVisCharacter/Binaries/Win64/UE4Editor-ArchVisCharacter.dll (API version 3944462).
LogModuleManager: Display: Found up-to-date module file ../../../Engine/Plugins/Runtime/AudioCapture/Binaries/Win64/UE4Editor-AudioCapture.dll (API version 3944462).
LogModuleManager: Display: Found up-to-date module file ../../../Engine/Plugins/Runtime/AudioCapture/Binaries/Win64/UE4Editor-AudioCaptureEditor.dll (API version 3944462).
LogModuleManager: Display: Found up-to-date module file ../../../Engine/Plugins/Runtime/CableComponent/Binaries/Win64/UE4Editor-CableComponent.dll (API version 3944462).
LogModuleManager: Display: Found up-to-date module file ../../../Engine/Plugins/Runtime/CustomMeshComponent/Binaries/Win64/UE4Editor-CustomMeshComponent.dll (API version 3944462).
LogModuleManager: Display: Found up-to-date module file ../../../Engine/Plugins/Runtime/ExampleDeviceProfileSelector/Binaries/Win64/UE4Editor-ExampleDeviceProfileSelector.dll (API version 3944462).
LogModuleManager: Display: Found up-to-date module file ../../../Engine/Plugins/Runtime/ImmediatePhysics/Binaries/Win64/UE4Editor-ImmediatePhysics.dll (API version 3944462).
LogModuleManager: Display: Found up-to-date module file ../../../Engine/Plugins/Runtime/ImmediatePhysics/Binaries/Win64/UE4Editor-ImmediatePhysicsEditor.dll (API version 3944462).
LogModuleManager: Display: Found up-to-date module file ../../../Engine/Plugins/Runtime/LocationServicesBPLibrary/Binaries/Win64/UE4Editor-LocationServicesBPLibrary.dll (API version 3944462).
LogModuleManager: Display: Found up-to-date module file ../../../Engine/Plugins/Runtime/MobilePatchingUtils/Binaries/Win64/UE4Editor-MobilePatchingUtils.dll (API version 3944462).
LogModuleManager: Display: Found up-to-date module file ../../../Engine/Plugins/Runtime/Oculus/OculusVR/Binaries/Win64/UE4Editor-OculusHMD.dll (API version 3944462).
LogModuleManager: Display: Found up-to-date module file ../../../Engine/Plugins/Runtime/Oculus/OculusVR/Binaries/Win64/UE4Editor-OculusInput.dll (API version 3944462).
LogModuleManager: Display: Found up-to-date module file ../../../Engine/Plugins/Runtime/Oculus/OculusVR/Binaries/Win64/UE4Editor-OculusEditor.dll (API version 3944462).
LogModuleManager: Display: Found up-to-date module file ../../../Engine/Plugins/Runtime/PhysXVehicles/Binaries/Win64/UE4Editor-PhysXVehicles.dll (API version 3944462).
LogModuleManager: Display: Found up-to-date module file ../../../Engine/Plugins/Runtime/PhysXVehicles/Binaries/Win64/UE4Editor-PhysXVehiclesEditor.dll (API version 3944462).
LogModuleManager: Display: Found up-to-date module file ../../../Engine/Plugins/Runtime/RuntimePhysXCooking/Binaries/Win64/UE4Editor-RuntimePhysXCooking.dll (API version 3944462).
LogModuleManager: Display: Found up-to-date module file ../../../Engine/Plugins/Runtime/Steam/SteamVR/Binaries/Win64/UE4Editor-SteamVR.dll (API version 3944462).
LogModuleManager: Display: Found up-to-date module file ../../../Engine/Plugins/Runtime/Steam/SteamVR/Binaries/Win64/UE4Editor-SteamVRController.dll (API version 3944462).
LogModuleManager: Display: Found up-to-date module file ../../../Engine/Plugins/Runtime/WindowsMoviePlayer/Binaries/Win64/UE4Editor-WindowsMoviePlayer.dll (API version 3944462).
LogPluginManager: Mounting plugin Paper2D
LogPluginManager: Mounting plugin AdvancedSessions
LogPluginManager: Mounting plugin AdvancedSteamSessions
LogPluginManager: Mounting plugin LiveLink
LogPluginManager: Mounting plugin LightPropagationVolume
LogPluginManager: Mounting plugin CLionSourceCodeAccess
LogPluginManager: Mounting plugin CodeLiteSourceCodeAccess
LogPluginManager: Mounting plugin GitSourceControl
LogPluginManager: Mounting plugin KDevelopSourceCodeAccess
LogPluginManager: Mounting plugin NullSourceCodeAccess
LogPluginManager: Mounting plugin PerforceSourceControl
LogPluginManager: Mounting plugin SubversionSourceControl
LogPluginManager: Mounting plugin UObjectPlugin
LogPluginManager: Mounting plugin VisualStudioCodeSourceCodeAccess
LogPluginManager: Mounting plugin VisualStudioSourceCodeAccess
LogPluginManager: Mounting plugin XCodeSourceCodeAccess
LogPluginManager: Mounting plugin AssetManagerEditor
LogPluginManager: Mounting plugin CryptoKeys
LogPluginManager: Mounting plugin DataValidation
LogPluginManager: Mounting plugin FacialAnimation
LogPluginManager: Mounting plugin GameplayTagsEditor
LogPluginManager: Mounting plugin MobileLauncherProfileWizard
LogPluginManager: Mounting plugin PluginBrowser
LogPluginManager: Mounting plugin SpeedTreeImporter
LogPluginManager: Mounting plugin DatasmithContent
LogPluginManager: Mounting plugin AlembicImporter
LogPluginManager: Mounting plugin CharacterAI
LogPluginManager: Mounting plugin HTML5Networking
LogPluginManager: Mounting plugin AndroidMedia
LogPluginManager: Mounting plugin AvfMedia
LogPluginManager: Mounting plugin ImgMedia
LogPluginManager: Mounting plugin LinearTimecode
LogPluginManager: Mounting plugin MediaCompositing
LogPluginManager: Mounting plugin MediaPlayerEditor
LogPluginManager: Mounting plugin WmfMedia
LogPluginManager: Mounting plugin TcpMessaging
LogPluginManager: Mounting plugin UdpMessaging
LogPluginManager: Mounting plugin ActorSequence
LogPluginManager: Mounting plugin LevelSequenceEditor
LogPluginManager: Mounting plugin MatineeToLevelSequence
LogPluginManager: Mounting plugin NetcodeUnitTest
LogPluginManager: Mounting plugin NUTUnrealEngine4
LogPluginManager: Mounting plugin OnlineSubsystemGooglePlay
LogPluginManager: Mounting plugin OnlineSubsystemIOS
LogPluginManager: Mounting plugin OnlineSubsystem
LogPluginManager: Mounting plugin OnlineSubsystemNull
LogPluginManager: Mounting plugin OnlineSubsystemSteam
LogPluginManager: Mounting plugin OnlineSubsystemUtils
LogPluginManager: Mounting plugin AndroidDeviceProfileSelector
LogPluginManager: Mounting plugin AndroidMoviePlayer
LogPluginManager: Mounting plugin AndroidPermission
LogPluginManager: Mounting plugin AppleARKit
LogPluginManager: Mounting plugin AppleMoviePlayer
LogPluginManager: Mounting plugin ArchVisCharacter
LogPluginManager: Mounting plugin AudioCapture
LogPluginManager: Mounting plugin CableComponent
LogPluginManager: Mounting plugin CustomMeshComponent
LogPluginManager: Mounting plugin ExampleDeviceProfileSelector
LogPluginManager: Mounting plugin GoogleCloudMessaging
LogPluginManager: Mounting plugin ImmediatePhysics
LogPluginManager: Mounting plugin IOSDeviceProfileSelector
LogPluginManager: Mounting plugin LinuxDeviceProfileSelector
LogPluginManager: Mounting plugin LocationServicesBPLibrary
LogPluginManager: Mounting plugin MobilePatchingUtils
LogPluginManager: Mounting plugin OculusVR
LogPluginManager: Plugin shader directory ../../../Engine/Plugins/Runtime/Oculus/OculusVR/Shaders found
LogPluginManager: Mapping shader source directory ../../../Engine/Plugins/Runtime/Oculus/OculusVR/Shaders to virtual directory /Plugin/OculusVR
LogPluginManager: Mounting plugin PhysXVehicles
LogPluginManager: Mounting plugin ProceduralMeshComponent
LogPluginManager: Mounting plugin RuntimePhysXCooking
LogPluginManager: Mounting plugin SteamVR
LogPluginManager: Mounting plugin WindowsMoviePlayer
LogStreaming: Display: Took 12.104s to configure plugins.
LogInit: Using libcurl 7.47.1
LogInit:  - built for x86_64-pc-win32
LogInit:  - supports SSL with OpenSSL/1.0.2g
LogInit:  - supports HTTP deflate (compression) using libz 1.2.8
LogInit:  - other features:
LogInit:      CURL_VERSION_SSL
LogInit:      CURL_VERSION_LIBZ
LogInit:      CURL_VERSION_IPV6
LogInit:      CURL_VERSION_ASYNCHDNS
LogInit:      CURL_VERSION_LARGEFILE
LogInit:      CURL_VERSION_IDN
LogInit:  CurlRequestOptions (configurable via config and command line):
LogInit:  - bVerifyPeer = false  - Libcurl will NOT verify peer certificate
LogInit:  - bUseHttpProxy = false  - Libcurl will NOT use HTTP proxy
LogInit:  - bDontReuseConnections = false  - Libcurl will reuse connections
LogInit:  - CertBundlePath = nullptr  - Libcurl will use whatever was configured at build time.
LogInit:  - MaxHostConnections = 16  - Libcurl will limit the number of connections to a host
LogInit:  - LocalHostAddr = Default
LogOnline: Display: STEAM: Loading Steam SDK 1.39
LogOnline: Warning: STEAM: Steam API disabled!
LogOnline: Display: STEAM: OnlineSubsystemSteam::Shutdown()
LogInit: WinSock: version 1.1 (2.2), MaxSocks=32767, MaxUdp=65467
LogInit: WinSock: I am Massum-PC (192.168.0.13:0)
LogInit: Build: ++UE4+Release-4.19-CL-4033788
LogInit: Engine Version: 4.19.2-4033788+++UE4+Release-4.19
LogInit: Compatible Engine Version: 4.19.0-3944462+++UE4+Release-4.19
LogInit: Net CL: 3944462
LogDevObjectVersion: Number of dev versions registered: 18
LogDevObjectVersion:   Dev-Blueprints (B0D832E4-1F89-4F0D-ACCF-7EB736FD4AA2): 10
LogDevObjectVersion:   Dev-Build (E1C64328-A22C-4D53-A36C-8E866417BD8C): 0
LogDevObjectVersion:   Dev-Core (375EC13C-06E4-48FB-B500-84F0262A717E): 2
LogDevObjectVersion:   Dev-Editor (E4B068ED-F494-42E9-A231-DA0B2E46BB41): 23
LogDevObjectVersion:   Dev-Framework (CFFC743F-43B0-4480-9391-14DF171D2073): 33
LogDevObjectVersion:   Dev-Mobile (B02B49B5-BB20-44E9-A304-32B752E40360): 2
LogDevObjectVersion:   Dev-Networking (A4E4105C-59A1-49B5-A7C5-40C4547EDFEE): 0
LogDevObjectVersion:   Dev-Online (39C831C9-5AE6-47DC-9A44-9C173E1C8E7C): 0
LogDevObjectVersion:   Dev-Physics (78F01B33-EBEA-4F98-B9B4-84EACCB95AA2): 0
LogDevObjectVersion:   Dev-Platform (6631380F-2D4D-43E0-8009-CF276956A95A): 0
LogDevObjectVersion:   Dev-Rendering (12F88B9F-8875-4AFC-A67C-D90C383ABD29): 25
LogDevObjectVersion:   Dev-Sequencer (7B5AE74C-D270-4C10-A958-57980B212A5A): 6
LogDevObjectVersion:   Dev-VR (D7296918-1DD6-4BDD-9DE2-64A83CC13884): 1
LogDevObjectVersion:   Dev-LoadTimes (C2A15278-BFE7-4AFE-6C17-90FF531DF755): 1
LogDevObjectVersion:   Private-Geometry (6EACA3D4-40EC-4CC1-B786-8BED09428FC5): 2
LogDevObjectVersion:   Dev-AnimPhys (29E575DD-E0A3-4627-9D10-D276232CDCEA): 16
LogDevObjectVersion:   Dev-ReflectionCapture (6B266CEC-1EC7-4B8F-A30B-E4D90942FC07): 1
LogDevObjectVersion:   Dev-Automation (0DF73D61-A23F-47EA-B727-89E90C41499A): 1
LogInit: Compiled (64-bit): Apr 27 2018 02:06:57
LogInit: Compiled with Visual C++: 19.00.24215.01
LogInit: Build Configuration: Development
LogInit: Branch Name: ++UE4+Release-4.19
LogInit: Command Line: -EpicPortal 
LogInit: Base Directory: D:/Games/Epic/UE_4.19/Engine/Binaries/Win64/
LogInit: Installed Engine Build: 1
LogStreaming: Display: Took  0.000s to delete old logs.
LogInit: Presizing for max 8388607 objects, including 0 objects not considered by GC, pre-allocating 0 bytes for permanent pool.
LogInit: Object subsystem initialized
[2018.06.26-17.04.15:067][  0]LogInit: Selected Device Profile: [Windows]
[2018.06.26-17.04.15:067][  0]LogInit: Applying CVar settings loaded from the selected device profile: [Windows]
[2018.06.26-17.04.15:075][  0]LogInit: Computer: MASSUM-PC
[2018.06.26-17.04.15:075][  0]LogInit: User: Massum
[2018.06.26-17.04.15:075][  0]LogInit: CPU Page size=4096, Cores=4
[2018.06.26-17.04.15:075][  0]LogInit: High frequency timer resolution =3.421876 MHz
[2018.06.26-17.04.15:075][  0]LogMemory: Memory total: Physical=16.0GB (16GB approx)
[2018.06.26-17.04.15:075][  0]LogMemory: Platform Memory Stats for Windows
[2018.06.26-17.04.15:075][  0]LogMemory: Process Physical Memory: 281.31 MB used, 281.31 MB peak
[2018.06.26-17.04.15:075][  0]LogMemory: Process Virtual Memory: 264.90 MB used, 264.90 MB peak
[2018.06.26-17.04.15:075][  0]LogMemory: Physical Memory: 4860.04 MB used,  11487.42 MB free, 16347.46 MB total
[2018.06.26-17.04.15:075][  0]LogMemory: Virtual Memory: 801.50 MB used,  11487.42 MB free, 134217728.00 MB total
[2018.06.26-17.04.15:086][  0]LogInit: Using OS detected language (en-US).
[2018.06.26-17.04.15:086][  0]LogInit: Using OS detected locale (en-US).
[2018.06.26-17.04.15:087][  0]LogTextLocalizationManager: No specific localization for 'en-US' exists, so the 'en' localization will be used.
[2018.06.26-17.04.15:385][  0]LogStreaming: Display: Took  0.300s to EndInitTextLocalization.
[2018.06.26-17.04.15:385][  0]LogInit: Setting process to per monitor DPI aware
[2018.06.26-17.04.15:430][  0]LogSlate: New Slate User Created.  User Index 0, Is Virtual User: 0
[2018.06.26-17.04.15:430][  0]LogSlate: Slate User Registered.  User Index 0, Is Virtual User: 0
[2018.06.26-17.04.15:543][  0]LogD3D11RHI: D3D11 adapters:
[2018.06.26-17.04.15:570][  0]LogD3D11RHI:    0. 'AMD Radeon R9 200 Series' (Feature Level 11_0)
[2018.06.26-17.04.15:570][  0]LogD3D11RHI:       4072/0/8173 MB DedicatedVideo/DedicatedSystem/SharedSystem, Outputs:1, VendorId:0x1002
[2018.06.26-17.04.15:572][  0]LogD3D11RHI:    1. 'Microsoft Basic Render Driver' (Feature Level 11_0)
[2018.06.26-17.04.15:572][  0]LogD3D11RHI:       0/0/8173 MB DedicatedVideo/DedicatedSystem/SharedSystem, Outputs:0, VendorId:0x1414
[2018.06.26-17.04.15:572][  0]LogD3D11RHI: Chosen D3D11 Adapter: 0
[2018.06.26-17.04.15:576][  0]LogD3D11RHI: Creating new Direct3DDevice
[2018.06.26-17.04.15:576][  0]LogD3D11RHI:     GPU DeviceId: 0x67b1 (for the marketing name, search the web for "GPU Device Id")
[2018.06.26-17.04.15:576][  0]LogWindows: EnumDisplayDevices:
[2018.06.26-17.04.15:576][  0]LogWindows:    0. 'AMD Radeon R9 200 Series' (P:1 D:1)
[2018.06.26-17.04.15:576][  0]LogWindows:    1. 'AMD Radeon R9 200 Series' (P:0 D:0)
[2018.06.26-17.04.15:576][  0]LogWindows:    2. 'AMD Radeon R9 200 Series' (P:0 D:0)
[2018.06.26-17.04.15:576][  0]LogWindows:    3. 'AMD Radeon R9 200 Series' (P:0 D:0)
[2018.06.26-17.04.15:576][  0]LogWindows:    4. 'AMD Radeon R9 200 Series' (P:0 D:0)
[2018.06.26-17.04.15:576][  0]LogWindows:    5. 'AMD Radeon R9 200 Series' (P:0 D:0)
[2018.06.26-17.04.15:577][  0]LogWindows:    6. 'AMD Radeon R9 200 Series' (P:0 D:0)
[2018.06.26-17.04.15:577][  0]LogWindows:    7. 'AMD Radeon R9 200 Series' (P:0 D:0)
[2018.06.26-17.04.15:577][  0]LogWindows:    8. 'AMD Radeon R9 200 Series' (P:0 D:0)
[2018.06.26-17.04.15:577][  0]LogWindows:    9. 'AMD Radeon R9 200 Series' (P:0 D:0)
[2018.06.26-17.04.15:577][  0]LogWindows:    10. 'AMD Radeon R9 200 Series' (P:0 D:0)
[2018.06.26-17.04.15:577][  0]LogWindows:    11. 'AMD Radeon R9 200 Series' (P:0 D:0)
[2018.06.26-17.04.15:577][  0]LogWindows:    12. 'AMD Radeon R9 200 Series' (P:0 D:0)
[2018.06.26-17.04.15:577][  0]LogWindows:    13. 'AMD Radeon R9 200 Series' (P:0 D:0)
[2018.06.26-17.04.15:577][  0]LogWindows:    14. 'AMD Radeon R9 200 Series' (P:0 D:0)
[2018.06.26-17.04.15:577][  0]LogWindows:    15. 'AMD Radeon R9 200 Series' (P:0 D:0)
[2018.06.26-17.04.15:577][  0]LogWindows: DebugString: GetVideoDriverDetailsInvalid PrimaryIsNotTheChoosenAdapter GetVideoDriverDetailsInvalid PrimaryIsNotTheChoosenAdapter GetVideoDriverDetailsInvalid PrimaryIsNotTheChoosenAdapter GetVideoDriverDetailsInvalid PrimaryIsNotTheChoosenAdapter GetVideoDriverDetailsInvalid PrimaryIsNotTheChoosenAdapter GetVideoDriverDetailsInvalid PrimaryIsNotTheChoosenAdapter GetVideoDriverDetailsInvalid PrimaryIsNotTheChoosenAdapter GetVideoDriverDetailsInvalid PrimaryIsNotTheChoosenAdapter GetVideoDriverDetailsInvalid PrimaryIsNotTheChoosenAdapter GetVideoDriverDetailsInvalid PrimaryIsNotTheChoosenAdapter GetVideoDriverDetailsInvalid PrimaryIsNotTheChoosenAdapter GetVideoDriverDetailsInvalid PrimaryIsNotTheChoosenAdapter GetVideoDriverDetailsInvalid PrimaryIsNotTheChoosenAdapter GetVideoDriverDetailsInvalid PrimaryIsNotTheChoosenAdapter GetVideoDriverDetailsInvalid PrimaryIsNotTheChoosenAdapter GetVideoDriverDetailsInvalid PrimaryIsNotTheChoosenAdapter FoundDriverCount:0 
[2018.06.26-17.04.15:577][  0]LogD3D11RHI:     Adapter Name: AMD Radeon R9 200 Series
[2018.06.26-17.04.15:577][  0]LogD3D11RHI:   Driver Version: Unknown (internal:Unknown, unified:Unknown)
[2018.06.26-17.04.15:577][  0]LogD3D11RHI:      Driver Date: Unknown
[2018.06.26-17.04.15:577][  0]LogRHI: Texture pool is 2850 MB (70% of 4072 MB)
[2018.06.26-17.04.15:610][  0]LogD3D11RHI: Async texture creation enabled
[2018.06.26-17.04.15:619][  0]LogD3D11RHI: GPU Timing Frequency: 27.000000 (Debug: 2 1)
[2018.06.26-17.04.15:620][  0]LogShaderCompilers: Guid format shader working directory is 4 characters bigger than the processId version (C:/Users/Massum/Documents/GitHub/NewStreak/Intermediate/Shaders/WorkingDirectory/12060/).
[2018.06.26-17.04.15:620][  0]LogShaderCompilers: Cleaned the shader compiler working directory 'C:/Users/Massum/AppData/Local/Temp/UnrealShaderWorkingDir/43C40A0147F51072BA0B4CBE52227A95/'.
[2018.06.26-17.04.15:869][  0]LogTemp: Display: Loaded TP AllDesktopTargetPlatform
[2018.06.26-17.04.15:878][  0]LogTemp: Display: Loaded TP MacClientTargetPlatform
[2018.06.26-17.04.15:887][  0]LogTemp: Display: Loaded TP MacNoEditorTargetPlatform
[2018.06.26-17.04.15:896][  0]LogTemp: Display: Loaded TP MacServerTargetPlatform
[2018.06.26-17.04.15:906][  0]LogTemp: Display: Loaded TP MacTargetPlatform
[2018.06.26-17.04.15:915][  0]LogTemp: Display: Loaded TP WindowsClientTargetPlatform
[2018.06.26-17.04.15:924][  0]LogTemp: Display: Loaded TP WindowsNoEditorTargetPlatform
[2018.06.26-17.04.15:933][  0]LogTemp: Display: Loaded TP WindowsServerTargetPlatform
[2018.06.26-17.04.15:938][  0]LogTemp: Display: Loaded TP WindowsTargetPlatform
[2018.06.26-17.04.15:946][  0]LogTemp: Display: Loaded TP Android_ASTCTargetPlatform
[2018.06.26-17.04.15:954][  0]LogTemp: Display: Loaded TP Android_ATCTargetPlatform
[2018.06.26-17.04.15:962][  0]LogTemp: Display: Loaded TP Android_DXTTargetPlatform
[2018.06.26-17.04.15:971][  0]LogTemp: Display: Loaded TP Android_ETC1aTargetPlatform
[2018.06.26-17.04.15:979][  0]LogTemp: Display: Loaded TP Android_ETC1TargetPlatform
[2018.06.26-17.04.15:987][  0]LogTemp: Display: Loaded TP Android_ETC2TargetPlatform
[2018.06.26-17.04.16:004][  0]LogTemp: Display: Loaded TP Android_MultiTargetPlatform
[2018.06.26-17.04.16:004][  0]LogTemp: Display: Loaded TP Android_PVRTCTargetPlatform
[2018.06.26-17.04.16:013][  0]LogTemp: Display: Loaded TP AndroidTargetPlatform
[2018.06.26-17.04.16:013][  0]LogTemp: Display: Loaded TP HTML5TargetPlatform
[2018.06.26-17.04.16:044][  0]LogTemp: Display: Loaded TP IOSTargetPlatform
[2018.06.26-17.04.16:052][  0]LogTemp: Display: Loaded TP TVOSTargetPlatform
[2018.06.26-17.04.16:060][  0]LogTemp: Display: Loaded TP LinuxClientTargetPlatform
[2018.06.26-17.04.16:069][  0]LogTemp: Display: Loaded TP LinuxNoEditorTargetPlatform
[2018.06.26-17.04.16:077][  0]LogTemp: Display: Loaded TP LinuxServerTargetPlatform
[2018.06.26-17.04.16:085][  0]LogTemp: Display: Loaded TP LinuxTargetPlatform
[2018.06.26-17.04.16:085][  0]LogTargetPlatformManager: Display: Building Assets For Windows
[2018.06.26-17.04.16:146][  0]LogXGEController: Cannot use XGE Controller as Incredibuild is not installed on this machine.
[2018.06.26-17.04.16:146][  0]LogShaderCompilers: Cannot use XGE Shader Compiler as Incredibuild is not installed on this machine.
[2018.06.26-17.04.16:146][  0]LogShaderCompilers: Display: Using Local Shader Compiler.
[2018.06.26-17.04.16:835][  0]LogDerivedDataCache: Display: Max Cache Size: 512 MB
[2018.06.26-17.04.16:888][  0]LogDerivedDataCache: Loaded boot cache 0.05s 74MB C:/Users/Massum/AppData/Local/UnrealEngine/4.19/DerivedDataCache/Boot.ddc.
[2018.06.26-17.04.16:888][  0]LogDerivedDataCache: Display: Loaded Boot cache: C:/Users/Massum/AppData/Local/UnrealEngine/4.19/DerivedDataCache/Boot.ddc
[2018.06.26-17.04.16:888][  0]LogDerivedDataCache: FDerivedDataBackendGraph:  Pak pak cache file C:/Users/Massum/Documents/GitHub/NewStreak/DerivedDataCache/DDC.ddp not found, will not use a pak cache.
[2018.06.26-17.04.16:888][  0]LogDerivedDataCache: Unable to find inner node Pak for hierarchical cache Hierarchy.
[2018.06.26-17.04.16:888][  0]LogDerivedDataCache: FDerivedDataBackendGraph:  CompressedPak pak cache file C:/Users/Massum/Documents/GitHub/NewStreak/DerivedDataCache/Compressed.ddp not found, will not use a pak cache.
[2018.06.26-17.04.16:888][  0]LogDerivedDataCache: Unable to find inner node CompressedPak for hierarchical cache Hierarchy.
[2018.06.26-17.04.16:899][  0]LogDerivedDataCache: Display: Pak cache opened for reading ../../../Engine/DerivedDataCache/Compressed.ddp.
[2018.06.26-17.04.16:911][  0]LogDerivedDataCache: Using Local data cache path C:/Users/Massum/AppData/Local/UnrealEngine/Common/DerivedDataCache: Writable
[2018.06.26-17.04.16:911][  0]LogDerivedDataCache: Shared data cache path not found in *engine.ini, will not use an Shared cache.
[2018.06.26-17.04.16:911][  0]LogDerivedDataCache: Unable to find inner node Shared for hierarchical cache Hierarchy.
[2018.06.26-17.04.16:919][  0]LogMaterial: Verifying Global Shaders for PCD3D_SM5
[2018.06.26-17.04.16:920][  0]LogSlate: Using Freetype 2.6.0
[2018.06.26-17.04.16:947][  0]LogSlate: SlateFontCache - WITH_FREETYPE: 1, WITH_HARFBUZZ: 1
[2018.06.26-17.04.16:947][  0]LogSlate: SlateFontCache - WITH_FREETYPE: 1, WITH_HARFBUZZ: 1
[2018.06.26-17.04.17:352][  0]LogAssetRegistry: FAssetRegistry took 0.0241 seconds to start up
[2018.06.26-17.04.17:557][  0]LogInit: Selected Device Profile: [Windows]
[2018.06.26-17.04.17:683][  0]LogSimplygon: Simplygon DLL not present - disabling.
[2018.06.26-17.04.17:684][  0]LogMeshReduction: Using SimplygonSwarm for distributed automatic mesh merging
[2018.06.26-17.04.17:684][  0]LogMeshReduction: Using QuadricMeshReduction for automatic static mesh reduction
[2018.06.26-17.04.17:684][  0]LogMeshReduction: No automatic skeletal mesh reduction module available
[2018.06.26-17.04.17:684][  0]LogMeshReduction: No automatic mesh merging module available
[2018.06.26-17.04.17:684][  0]LogMeshMerging: No automatic mesh merging module available
[2018.06.26-17.04.17:701][  0]LogNetVersion: Lawbreakers , NetCL: 3944462, EngineNetVer: 2, GameNetVer: 0 (Checksum: 254169116)
[2018.06.26-17.04.18:006][  0]LogPackageLocalizationCache: Processed 9 localized package path(s) for 2 prioritized culture(s) in 0.070876 seconds
[2018.06.26-17.04.18:010][  0]LogUObjectArray: 36735 objects as part of root set at end of initial load.
[2018.06.26-17.04.18:010][  0]LogUObjectAllocator: 7528584 out of 0 bytes used by permanent object pool.
[2018.06.26-17.04.18:010][  0]LogUObjectArray: CloseDisregardForGC: 0/0 objects in disregard for GC pool
[2018.06.26-17.04.29:968][  0]LogModuleManager: Warning: No filename provided for module AdvancedSessions
[2018.06.26-17.04.29:968][  0]LogModuleManager: Warning: ModuleManager: Unable to load module 'AdvancedSessions' because the file 'D:/Games/Epic/UE_4.19/Engine/Binaries/Win64/' was not found.
[2018.06.26-17.04.29:971][  0]LogWindowsTextInputMethodSystem: Display: IME system now deactivated.
[2018.06.26-17.04.31:728][  0]LogWindowsTextInputMethodSystem: Display: IME system now deactivated.
[2018.06.26-17.04.31:729][  0]LogWindowsTextInputMethodSystem: Display: IME system now deactivated.
[2018.06.26-17.04.31:736][  0]LogSlate: Slate User Destroyed.  User Index 0, Is Virtual User: 0
[2018.06.26-17.04.31:736][  0]LogExit: Preparing to exit.
[2018.06.26-17.04.31:836][  0]LogDirectoryWatcher: A directory notification for '../../../Engine/Content/' was aborted.
[2018.06.26-17.04.31:836][  0]LogDirectoryWatcher: A directory notification for 'C:/Users/Massum/Documents/GitHub/NewStreak/Content/' was aborted.
[2018.06.26-17.04.31:836][  0]LogDirectoryWatcher: A directory notification for '../../Plugins/2D/Paper2D/Content/' was aborted.
[2018.06.26-17.04.31:836][  0]LogDirectoryWatcher: A directory notification for '../../Plugins/Enterprise/DatasmithContent/Content/' was aborted.
[2018.06.26-17.04.31:836][  0]LogDirectoryWatcher: A directory notification for '../../Plugins/Media/MediaCompositing/Content/' was aborted.
[2018.06.26-17.04.31:836][  0]LogDirectoryWatcher: A directory notification for '../../Plugins/Runtime/AppleARKit/Content/' was aborted.
[2018.06.26-17.04.31:836][  0]LogDirectoryWatcher: A directory notification for '../../Plugins/Runtime/Oculus/OculusVR/Content/' was aborted.
[2018.06.26-17.04.31:836][  0]LogDirectoryWatcher: A directory notification for '../../Plugins/Runtime/Steam/SteamVR/Content/' was aborted.
[2018.06.26-17.04.31:864][  0]LogExit: Object subsystem successfully closed.
[2018.06.26-17.04.31:878][  0]LogShaderCompilers: Display: Shaders left to compile 0
[2018.06.26-17.04.31:878][  0]LogD3D11RHI: Shutdown
[2018.06.26-17.04.31:878][  0]LogD3D11RHI: CleanupD3DDevice
[2018.06.26-17.04.31:898][  0]LogD3D11RHI: ~FD3D11DynamicRHI
[2018.06.26-17.04.31:898][  0]LogModuleManager: Shutting down and abandoning module Paper2D (242)
[2018.06.26-17.04.31:898][  0]LogModuleManager: Shutting down and abandoning module WindowsMoviePlayer (240)
[2018.06.26-17.04.31:898][  0]LogModuleManager: Shutting down and abandoning module WmfMedia (238)
[2018.06.26-17.04.31:900][  0]LogModuleManager: Shutting down and abandoning module Media (237)
[2018.06.26-17.04.31:905][  0]LogModuleManager: Shutting down and abandoning module PacketHandler (234)
[2018.06.26-17.04.31:905][  0]LogModuleManager: Shutting down and abandoning module ClothingSystemEditor (232)
[2018.06.26-17.04.31:905][  0]LogModuleManager: Shutting down and abandoning module ClothingSystemRuntime (230)
[2018.06.26-17.04.31:905][  0]LogModuleManager: Shutting down and abandoning module MediaAssets (228)
[2018.06.26-17.04.31:905][  0]LogModuleManager: Shutting down and abandoning module Overlay (226)
[2018.06.26-17.04.31:905][  0]LogModuleManager: Shutting down and abandoning module OverlayEditor (225)
[2018.06.26-17.04.31:905][  0]LogModuleManager: Shutting down and abandoning module VREditor (222)
[2018.06.26-17.04.31:905][  0]LogModuleManager: Shutting down and abandoning module StringTableEditor (220)
[2018.06.26-17.04.31:905][  0]LogModuleManager: Shutting down and abandoning module GameplayTasksEditor (218)
[2018.06.26-17.04.31:905][  0]LogModuleManager: Shutting down and abandoning module BehaviorTreeEditor (216)
[2018.06.26-17.04.31:905][  0]LogModuleManager: Shutting down and abandoning module FunctionalTesting (214)
[2018.06.26-17.04.31:905][  0]LogModuleManager: Shutting down and abandoning module CollisionAnalyzer (212)
[2018.06.26-17.04.31:905][  0]LogModuleManager: Shutting down and abandoning module WorkspaceMenuStructure (211)
[2018.06.26-17.04.31:905][  0]LogModuleManager: Shutting down and abandoning module UMG (208)
[2018.06.26-17.04.31:905][  0]LogModuleManager: Shutting down and abandoning module UMGEditor (207)
[2018.06.26-17.04.31:905][  0]LogModuleManager: Shutting down and abandoning module Sequencer (206)
[2018.06.26-17.04.31:918][  0]LogModuleManager: Shutting down and abandoning module MessageLog (203)
[2018.06.26-17.04.31:931][  0]LogModuleManager: Shutting down and abandoning module SlateReflector (198)
[2018.06.26-17.04.31:931][  0]LogModuleManager: Shutting down and abandoning module Slate (196)
[2018.06.26-17.04.31:931][  0]LogModuleManager: Shutting down and abandoning module EditorStyle (194)
[2018.06.26-17.04.31:932][  0]LogModuleManager: Shutting down and abandoning module MRMesh (192)
[2018.06.26-17.04.31:932][  0]LogModuleManager: Shutting down and abandoning module SourceCodeAccess (190)
[2018.06.26-17.04.31:932][  0]LogModuleManager: Shutting down and abandoning module HeadMountedDisplay (188)
[2018.06.26-17.04.31:932][  0]LogModuleManager: Shutting down and abandoning module XAudio2 (186)
[2018.06.26-17.04.31:932][  0]LogModuleManager: Shutting down and abandoning module Networking (184)
[2018.06.26-17.04.31:932][  0]LogModuleManager: Shutting down and abandoning module Core (182)
[2018.06.26-17.04.31:932][  0]LogModuleManager: Shutting down and abandoning module LevelSequence (180)
[2018.06.26-17.04.31:932][  0]LogModuleManager: Shutting down and abandoning module KismetCompiler (178)
[2018.06.26-17.04.31:932][  0]LogModuleManager: Shutting down and abandoning module MeshUtilities (176)
[2018.06.26-17.04.31:932][  0]LogModuleManager: Shutting down and abandoning module MeshMergeUtilities (175)
[2018.06.26-17.04.31:932][  0]LogModuleManager: Shutting down and abandoning module MeshReductionInterface (174)
[2018.06.26-17.04.31:932][  0]LogModuleManager: Shutting down and abandoning module SimplygonSwarm (173)
[2018.06.26-17.04.31:932][  0]LogModuleManager: Shutting down and abandoning module SimplygonMeshReduction (171)
[2018.06.26-17.04.31:932][  0]LogModuleManager: Shutting down and abandoning module QuadricMeshReduction (169)
[2018.06.26-17.04.31:932][  0]LogModuleManager: Shutting down and abandoning module MaterialBaking (165)
[2018.06.26-17.04.31:932][  0]LogModuleManager: Shutting down and abandoning module DirectoryWatcher (161)
[2018.06.26-17.04.31:932][  0]LogModuleManager: Shutting down and abandoning module DerivedDataCache (158)
[2018.06.26-17.04.32:452][  0]LogDerivedDataCache: Shutdown
[2018.06.26-17.04.32:452][  0]LogModuleManager: Shutting down and abandoning module XGEController (156)
[2018.06.26-17.04.32:452][  0]LogModuleManager: Shutting down and abandoning module TargetPlatform (154)
[2018.06.26-17.04.32:452][  0]LogModuleManager: Shutting down and abandoning module VulkanShaderFormat (153)
[2018.06.26-17.04.32:452][  0]LogModuleManager: Shutting down and abandoning module ShaderFormatVectorVM (151)
[2018.06.26-17.04.32:452][  0]LogModuleManager: Shutting down and abandoning module ShaderFormatOpenGL (149)
[2018.06.26-17.04.32:452][  0]LogModuleManager: Shutting down and abandoning module ShaderFormatD3D (147)
[2018.06.26-17.04.32:452][  0]LogModuleManager: Shutting down and abandoning module MetalShaderFormat (145)
[2018.06.26-17.04.32:452][  0]LogModuleManager: Shutting down and abandoning module TextureFormatUncompressed (143)
[2018.06.26-17.04.32:452][  0]LogModuleManager: Shutting down and abandoning module TextureFormatPVR (141)
[2018.06.26-17.04.32:452][  0]LogModuleManager: Shutting down and abandoning module TextureFormatDXT (139)
[2018.06.26-17.04.32:452][  0]LogModuleManager: Shutting down and abandoning module TextureFormatIntelISPCTexComp (137)
[2018.06.26-17.04.32:452][  0]LogModuleManager: Shutting down and abandoning module TextureFormatASTC (135)
[2018.06.26-17.04.32:452][  0]LogModuleManager: Shutting down and abandoning module ImageWrapper (134)
[2018.06.26-17.04.32:452][  0]LogModuleManager: Shutting down and abandoning module TextureFormatAndroid (131)
[2018.06.26-17.04.32:452][  0]LogModuleManager: Shutting down and abandoning module AudioFormatOpus (129)
[2018.06.26-17.04.32:452][  0]LogModuleManager: Shutting down and abandoning module AudioFormatOgg (127)
[2018.06.26-17.04.32:452][  0]LogModuleManager: Shutting down and abandoning module AudioFormatADPCM (125)
[2018.06.26-17.04.32:452][  0]LogModuleManager: Shutting down and abandoning module LinuxTargetPlatform (123)
[2018.06.26-17.04.32:452][  0]LogModuleManager: Shutting down and abandoning module LinuxServerTargetPlatform (121)
[2018.06.26-17.04.32:452][  0]LogModuleManager: Shutting down and abandoning module LinuxNoEditorTargetPlatform (119)
[2018.06.26-17.04.32:452][  0]LogModuleManager: Shutting down and abandoning module LinuxClientTargetPlatform (117)
[2018.06.26-17.04.32:452][  0]LogModuleManager: Shutting down and abandoning module TVOSTargetPlatform (115)
[2018.06.26-17.04.32:452][  0]LogModuleManager: Shutting down and abandoning module Messaging (113)
[2018.06.26-17.04.32:452][  0]LogModuleManager: Shutting down and abandoning module IOSTargetPlatform (111)
[2018.06.26-17.04.32:452][  0]LogModuleManager: Shutting down and abandoning module HTML5TargetPlatform (109)
[2018.06.26-17.04.32:452][  0]LogModuleManager: Shutting down and abandoning module AndroidTargetPlatform (107)
[2018.06.26-17.04.32:452][  0]LogModuleManager: Shutting down and abandoning module Android_PVRTCTargetPlatform (105)
[2018.06.26-17.04.32:452][  0]LogModuleManager: Shutting down and abandoning module Android_MultiTargetPlatform (103)
[2018.06.26-17.04.32:452][  0]LogModuleManager: Shutting down and abandoning module Android_ETC2TargetPlatform (101)
[2018.06.26-17.04.32:452][  0]LogModuleManager: Shutting down and abandoning module Android_ETC1TargetPlatform (99)
[2018.06.26-17.04.32:452][  0]LogModuleManager: Shutting down and abandoning module Android_ETC1aTargetPlatform (97)
[2018.06.26-17.04.32:452][  0]LogModuleManager: Shutting down and abandoning module Android_DXTTargetPlatform (95)
[2018.06.26-17.04.32:452][  0]LogModuleManager: Shutting down and abandoning module Android_ATCTargetPlatform (93)
[2018.06.26-17.04.32:452][  0]LogModuleManager: Shutting down and abandoning module Android_ASTCTargetPlatform (91)
[2018.06.26-17.04.32:452][  0]LogModuleManager: Shutting down and abandoning module WindowsTargetPlatform (89)
[2018.06.26-17.04.32:452][  0]LogModuleManager: Shutting down and abandoning module WindowsServerTargetPlatform (87)
[2018.06.26-17.04.32:452][  0]LogModuleManager: Shutting down and abandoning module WindowsNoEditorTargetPlatform (85)
[2018.06.26-17.04.32:452][  0]LogModuleManager: Shutting down and abandoning module WindowsClientTargetPlatform (83)
[2018.06.26-17.04.32:452][  0]LogModuleManager: Shutting down and abandoning module MacTargetPlatform (81)
[2018.06.26-17.04.32:452][  0]LogModuleManager: Shutting down and abandoning module MacServerTargetPlatform (79)
[2018.06.26-17.04.32:452][  0]LogModuleManager: Shutting down and abandoning module MacNoEditorTargetPlatform (77)
[2018.06.26-17.04.32:452][  0]LogModuleManager: Shutting down and abandoning module MacClientTargetPlatform (75)
[2018.06.26-17.04.32:452][  0]LogModuleManager: Shutting down and abandoning module AllDesktopTargetPlatform (73)
[2018.06.26-17.04.32:452][  0]LogModuleManager: Shutting down and abandoning module InputCore (70)
[2018.06.26-17.04.32:452][  0]LogModuleManager: Shutting down and abandoning module Settings (68)
[2018.06.26-17.04.32:452][  0]LogModuleManager: Shutting down and abandoning module PhysXCooking (66)
[2018.06.26-17.04.32:452][  0]LogModuleManager: Shutting down and abandoning module SteamVR (64)
[2018.06.26-17.04.32:452][  0]LogModuleManager: Shutting down and abandoning module OculusHMD (62)
[2018.06.26-17.04.32:452][  0]LogModuleManager: Shutting down and abandoning module ExampleDeviceProfileSelector (60)
[2018.06.26-17.04.32:452][  0]LogModuleManager: Shutting down and abandoning module AppleARKit (58)
[2018.06.26-17.04.32:452][  0]LogModuleManager: Shutting down and abandoning module AugmentedReality (57)
[2018.06.26-17.04.32:452][  0]LogModuleManager: Shutting down and abandoning module OnlineBlueprintSupport (54)
[2018.06.26-17.04.32:452][  0]LogModuleManager: Shutting down and abandoning module OnlineSubsystem (50)
[2018.06.26-17.04.32:477][  0]LogOnline: Display: OSS: FOnlineSubsystemNull::Shutdown()
[2018.06.26-17.04.32:477][  0]LogOnline: Display: OSS: FOnlineAsyncTaskManager::Stop() ActiveTask:0000000000000000 Tasks[0/0]
[2018.06.26-17.04.32:486][  0]LogOnline: Display: OSS: FOnlineAsyncTaskManager::Exit() started
[2018.06.26-17.04.32:486][  0]LogOnline: Display: OSS: FOnlineAsyncTaskManager::Exit() finished
[2018.06.26-17.04.32:486][  0]LogModuleManager: Shutting down and abandoning module XMPP (43)
[2018.06.26-17.04.32:486][  0]LogModuleManager: Shutting down and abandoning module HTTP (41)
[2018.06.26-17.04.32:512][  0]LogModuleManager: Shutting down and abandoning module SSL (40)
[2018.06.26-17.04.32:513][  0]LogModuleManager: Shutting down and abandoning module AnimationModifiers (36)
[2018.06.26-17.04.32:513][  0]LogModuleManager: Shutting down and abandoning module PropertyEditor (35)
[2018.06.26-17.04.32:513][  0]LogModuleManager: Shutting down and abandoning module AudioEditor (32)
[2018.06.26-17.04.32:513][  0]LogModuleManager: Shutting down and abandoning module TextureCompressor (30)
[2018.06.26-17.04.32:513][  0]LogModuleManager: Shutting down and abandoning module ShaderCore (28)
[2018.06.26-17.04.32:513][  0]LogModuleManager: Shutting down and abandoning module Landscape (26)
[2018.06.26-17.04.32:513][  0]LogModuleManager: Shutting down and abandoning module SlateRHIRenderer (24)
[2018.06.26-17.04.32:513][  0]LogModuleManager: Shutting down and abandoning module OpenGLDrv (22)
[2018.06.26-17.04.32:513][  0]LogModuleManager: Shutting down and abandoning module D3D11RHI (20)
[2018.06.26-17.04.32:513][  0]LogModuleManager: Shutting down and abandoning module AnimGraphRuntime (18)
[2018.06.26-17.04.32:513][  0]LogModuleManager: Shutting down and abandoning module Renderer (16)
[2018.06.26-17.04.32:513][  0]LogModuleManager: Shutting down and abandoning module Engine (14)
[2018.06.26-17.04.32:513][  0]LogModuleManager: Shutting down and abandoning module CoreUObject (12)
[2018.06.26-17.04.32:513][  0]LogModuleManager: Shutting down and abandoning module NetworkFile (10)
[2018.06.26-17.04.32:513][  0]LogModuleManager: Shutting down and abandoning module CookedIterativeFile (8)
[2018.06.26-17.04.32:513][  0]LogModuleManager: Shutting down and abandoning module StreamingFile (6)
[2018.06.26-17.04.32:514][  0]LogModuleManager: Shutting down and abandoning module SandboxFile (4)
[2018.06.26-17.04.32:514][  0]LogModuleManager: Shutting down and abandoning module PakFile (2)
[2018.06.26-17.04.32:515][  0]LogExit: Exiting.
[2018.06.26-17.04.32:519][  0]Log file closed, 06/26/18 18:04:32
